Linear-CD-2D results
Number of interior x-grid pts: N = 2
Number of interior y-grid pts: M = 2
Approximate solution: x_i, y_j, u_ij
 0.00000    0.00000    0.00000
 0.00000    1.66667    5.55556
 0.00000    3.33333    5.55556
 0.00000    5.00000    0.00000
 2.00000    0.00000    8.00000
 2.00000    1.66667    7.57186
 2.00000    3.33333    5.40645
 2.00000    5.00000    0.00000
 4.00000    0.00000    8.00000
 4.00000    1.66667    6.32061
 4.00000    3.33333    4.15520
 4.00000    5.00000    0.00000
 6.00000    0.00000    0.00000
 6.00000    1.66667    0.00000
 6.00000    3.33333    0.00000
 6.00000    5.00000    0.00000
