Linear-CD-2D results
Number of interior x-grid pts: N = 29
Number of interior y-grid pts: M = 29
Approximate solution: x_i, y_j, u_ij
 0.00000    0.00000    0.00000
 0.00000    0.03333    0.00000
 0.00000    0.06667    0.00000
 0.00000    0.10000    0.00000
 0.00000    0.13333    0.00000
 0.00000    0.16667    0.00000
 0.00000    0.20000    0.00000
 0.00000    0.23333    0.00000
 0.00000    0.26667    0.00000
 0.00000    0.30000    0.00000
 0.00000    0.33333    0.00000
 0.00000    0.36667    0.00000
 0.00000    0.40000    0.00000
 0.00000    0.43333    0.00000
 0.00000    0.46667    0.00000
 0.00000    0.50000    0.00000
 0.00000    0.53333    0.00000
 0.00000    0.56667    0.00000
 0.00000    0.60000    0.00000
 0.00000    0.63333    0.00000
 0.00000    0.66667    0.00000
 0.00000    0.70000    0.00000
 0.00000    0.73333    0.00000
 0.00000    0.76667    0.00000
 0.00000    0.80000    0.00000
 0.00000    0.83333    0.00000
 0.00000    0.86667    0.00000
 0.00000    0.90000    0.00000
 0.00000    0.93333    0.00000
 0.00000    0.96667    0.00000
 0.00000    1.00000    0.00000
 0.03333    0.00000    0.00000
 0.03333    0.03333    0.05452
 0.03333    0.06667    0.10235
 0.03333    0.10000    0.14209
 0.03333    0.13333    0.17266
 0.03333    0.16667    0.19347
 0.03333    0.20000    0.20468
 0.03333    0.23333    0.20740
 0.03333    0.26667    0.20359
 0.03333    0.30000    0.19578
 0.03333    0.33333    0.18658
 0.03333    0.36667    0.17812
 0.03333    0.40000    0.17165
 0.03333    0.43333    0.16735
 0.03333    0.46667    0.16442
 0.03333    0.50000    0.16144
 0.03333    0.53333    0.15679
 0.03333    0.56667    0.14915
 0.03333    0.60000    0.13788
 0.03333    0.63333    0.12310
 0.03333    0.66667    0.10569
 0.03333    0.70000    0.08702
 0.03333    0.73333    0.06855
 0.03333    0.76667    0.05158
 0.03333    0.80000    0.03699
 0.03333    0.83333    0.02521
 0.03333    0.86667    0.01620
 0.03333    0.90000    0.00965
 0.03333    0.93333    0.00509
 0.03333    0.96667    0.00202
 0.03333    1.00000    0.00000
 0.06667    0.00000    0.00000
 0.06667    0.03333    0.07028
 0.06667    0.06667    0.13183
 0.06667    0.10000    0.18302
 0.06667    0.13333    0.22252
 0.06667    0.16667    0.24952
 0.06667    0.20000    0.26415
 0.06667    0.23333    0.26777
 0.06667    0.26667    0.26290
 0.06667    0.30000    0.25282
 0.06667    0.33333    0.24098
 0.06667    0.36667    0.23021
 0.06667    0.40000    0.22220
 0.06667    0.43333    0.21719
 0.06667    0.46667    0.21413
 0.06667    0.50000    0.21108
 0.06667    0.53333    0.20584
 0.06667    0.56667    0.19658
 0.06667    0.60000    0.18235
 0.06667    0.63333    0.16330
 0.06667    0.66667    0.14057
 0.06667    0.70000    0.11597
 0.06667    0.73333    0.09150
 0.06667    0.76667    0.06893
 0.06667    0.80000    0.04949
 0.06667    0.83333    0.03374
 0.06667    0.86667    0.02170
 0.06667    0.90000    0.01293
 0.06667    0.93333    0.00682
 0.06667    0.96667    0.00271
 0.06667    1.00000    0.00000
 0.10000    0.00000    0.00000
 0.10000    0.03333    0.07407
 0.10000    0.06667    0.13847
 0.10000    0.10000    0.19192
 0.10000    0.13333    0.23315
 0.10000    0.16667    0.26132
 0.10000    0.20000    0.27647
 0.10000    0.23333    0.27998
 0.10000    0.26667    0.27447
 0.10000    0.30000    0.26349
 0.10000    0.33333    0.25074
 0.10000    0.36667    0.23934
 0.10000    0.40000    0.23114
 0.10000    0.43333    0.22642
 0.10000    0.46667    0.22404
 0.10000    0.50000    0.22184
 0.10000    0.53333    0.21735
 0.10000    0.56667    0.20851
 0.10000    0.60000    0.19418
 0.10000    0.63333    0.17446
 0.10000    0.66667    0.15055
 0.10000    0.70000    0.12442
 0.10000    0.73333    0.09827
 0.10000    0.76667    0.07406
 0.10000    0.80000    0.05316
 0.10000    0.83333    0.03623
 0.10000    0.86667    0.02328
 0.10000    0.90000    0.01387
 0.10000    0.93333    0.00732
 0.10000    0.96667    0.00291
 0.10000    1.00000    0.00000
 0.13333    0.00000    0.00000
 0.13333    0.03333    0.07303
 0.13333    0.06667    0.13595
 0.13333    0.10000    0.18799
 0.13333    0.13333    0.22809
 0.13333    0.16667    0.25541
 0.13333    0.20000    0.26992
 0.13333    0.23333    0.27292
 0.13333    0.26667    0.26699
 0.13333    0.30000    0.25567
 0.13333    0.33333    0.24274
 0.13333    0.36667    0.23135
 0.13333    0.40000    0.22342
 0.13333    0.43333    0.21926
 0.13333    0.46667    0.21770
 0.13333    0.50000    0.21652
 0.13333    0.53333    0.21315
 0.13333    0.56667    0.20538
 0.13333    0.60000    0.19201
 0.13333    0.63333    0.17305
 0.13333    0.66667    0.14967
 0.13333    0.70000    0.12388
 0.13333    0.73333    0.09791
 0.13333    0.76667    0.07379
 0.13333    0.80000    0.05294
 0.13333    0.83333    0.03604
 0.13333    0.86667    0.02313
 0.13333    0.90000    0.01377
 0.13333    0.93333    0.00727
 0.13333    0.96667    0.00289
 0.13333    1.00000    0.00000
 0.16667    0.00000    0.00000
 0.16667    0.03333    0.06919
 0.16667    0.06667    0.12825
 0.16667    0.10000    0.17695
 0.16667    0.13333    0.21442
 0.16667    0.16667    0.23987
 0.16667    0.20000    0.25322
 0.16667    0.23333    0.25563
 0.16667    0.26667    0.24955
 0.16667    0.30000    0.23839
 0.16667    0.33333    0.22578
 0.16667    0.36667    0.21483
 0.16667    0.40000    0.20741
 0.16667    0.43333    0.20386
 0.16667    0.46667    0.20303
 0.16667    0.50000    0.20273
 0.16667    0.53333    0.20042
 0.16667    0.56667    0.19390
 0.16667    0.60000    0.18190
 0.16667    0.63333    0.16438
 0.16667    0.66667    0.14245
 0.16667    0.70000    0.11804
 0.16667    0.73333    0.09335
 0.16667    0.76667    0.07034
 0.16667    0.80000    0.05043
 0.16667    0.83333    0.03429
 0.16667    0.86667    0.02198
 0.16667    0.90000    0.01307
 0.16667    0.93333    0.00690
 0.16667    0.96667    0.00275
 0.16667    1.00000    0.00000
 0.20000    0.00000    0.00000
 0.20000    0.03333    0.06329
 0.20000    0.06667    0.11689
 0.20000    0.10000    0.16096
 0.20000    0.13333    0.19484
 0.20000    0.16667    0.21780
 0.20000    0.20000    0.22972
 0.20000    0.23333    0.23162
 0.20000    0.26667    0.22572
 0.20000    0.30000    0.21518
 0.20000    0.33333    0.20338
 0.20000    0.36667    0.19323
 0.20000    0.40000    0.18650
 0.20000    0.43333    0.18352
 0.20000    0.46667    0.18322
 0.20000    0.50000    0.18356
 0.20000    0.53333    0.18210
 0.20000    0.56667    0.17676
 0.20000    0.60000    0.16628
 0.20000    0.63333    0.15060
 0.20000    0.66667    0.13072
 0.20000    0.70000    0.10843
 0.20000    0.73333    0.08577
 0.20000    0.76667    0.06462
 0.20000    0.80000    0.04630
 0.20000    0.83333    0.03145
 0.20000    0.86667    0.02014
 0.20000    0.90000    0.01197
 0.20000    0.93333    0.00631
 0.20000    0.96667    0.00252
 0.20000    1.00000    0.00000
 0.23333    0.00000    0.00000
 0.23333    0.03333    0.05589
 0.23333    0.06667    0.10291
 0.23333    0.10000    0.14151
 0.23333    0.13333    0.17118
 0.23333    0.16667    0.19126
 0.23333    0.20000    0.20162
 0.23333    0.23333    0.20312
 0.23333    0.26667    0.19772
 0.23333    0.30000    0.18821
 0.23333    0.33333    0.17762
 0.23333    0.36667    0.16857
 0.23333    0.40000    0.16266
 0.23333    0.43333    0.16020
 0.23333    0.46667    0.16024
 0.23333    0.50000    0.16092
 0.23333    0.53333    0.16005
 0.23333    0.56667    0.15573
 0.23333    0.60000    0.14681
 0.23333    0.63333    0.13318
 0.23333    0.66667    0.11574
 0.23333    0.70000    0.09607
 0.23333    0.73333    0.07602
 0.23333    0.76667    0.05726
 0.23333    0.80000    0.04101
 0.23333    0.83333    0.02784
 0.23333    0.86667    0.01781
 0.23333    0.90000    0.01058
 0.23333    0.93333    0.00558
 0.23333    0.96667    0.00223
 0.23333    1.00000    0.00000
 0.26667    0.00000    0.00000
 0.26667    0.03333    0.04757
 0.26667    0.06667    0.08743
 0.26667    0.10000    0.12011
 0.26667    0.13333    0.14525
 0.26667    0.16667    0.16227
 0.26667    0.20000    0.17104
 0.26667    0.23333    0.17226
 0.26667    0.26667    0.16759
 0.26667    0.30000    0.15942
 0.26667    0.33333    0.15034
 0.26667    0.36667    0.14259
 0.26667    0.40000    0.13758
 0.26667    0.43333    0.13557
 0.26667    0.46667    0.13574
 0.26667    0.50000    0.13652
 0.26667    0.53333    0.13600
 0.26667    0.56667    0.13252
 0.26667    0.60000    0.12508
 0.26667    0.63333    0.11359
 0.26667    0.66667    0.09879
 0.26667    0.70000    0.08204
 0.26667    0.73333    0.06493
 0.26667    0.76667    0.04891
 0.26667    0.80000    0.03502
 0.26667    0.83333    0.02376
 0.26667    0.86667    0.01520
 0.26667    0.90000    0.00902
 0.26667    0.93333    0.00476
 0.26667    0.96667    0.00191
 0.26667    1.00000    0.00000
 0.30000    0.00000    0.00000
 0.30000    0.03333    0.03899
 0.30000    0.06667    0.07160
 0.30000    0.10000    0.09834
 0.30000    0.13333    0.11894
 0.30000    0.16667    0.13292
 0.30000    0.20000    0.14014
 0.30000    0.23333    0.14118
 0.30000    0.26667    0.13738
 0.30000    0.30000    0.13069
 0.30000    0.33333    0.12325
 0.30000    0.36667    0.11690
 0.30000    0.40000    0.11280
 0.30000    0.43333    0.11117
 0.30000    0.46667    0.11134
 0.30000    0.50000    0.11202
 0.30000    0.53333    0.11165
 0.30000    0.56667    0.10884
 0.30000    0.60000    0.10278
 0.30000    0.63333    0.09337
 0.30000    0.66667    0.08123
 0.30000    0.70000    0.06747
 0.30000    0.73333    0.05341
 0.30000    0.76667    0.04024
 0.30000    0.80000    0.02881
 0.30000    0.83333    0.01955
 0.30000    0.86667    0.01250
 0.30000    0.90000    0.00742
 0.30000    0.93333    0.00392
 0.30000    0.96667    0.00157
 0.30000    1.00000    0.00000
 0.33333    0.00000    0.00000
 0.33333    0.03333    0.03076
 0.33333    0.06667    0.05651
 0.33333    0.10000    0.07766
 0.33333    0.13333    0.09398
 0.33333    0.16667    0.10509
 0.33333    0.20000    0.11089
 0.33333    0.23333    0.11181
 0.33333    0.26667    0.10890
 0.33333    0.30000    0.10370
 0.33333    0.33333    0.09789
 0.33333    0.36667    0.09291
 0.33333    0.40000    0.08967
 0.33333    0.43333    0.08835
 0.33333    0.46667    0.08844
 0.33333    0.50000    0.08892
 0.33333    0.53333    0.08856
 0.33333    0.56667    0.08628
 0.33333    0.60000    0.08144
 0.33333    0.63333    0.07396
 0.33333    0.66667    0.06434
 0.33333    0.70000    0.05344
 0.33333    0.73333    0.04231
 0.33333    0.76667    0.03188
 0.33333    0.80000    0.02283
 0.33333    0.83333    0.01550
 0.33333    0.86667    0.00992
 0.33333    0.90000    0.00589
 0.33333    0.93333    0.00311
 0.33333    0.96667    0.00125
 0.33333    1.00000    0.00000
 0.36667    0.00000    0.00000
 0.36667    0.03333    0.02338
 0.36667    0.06667    0.04302
 0.36667    0.10000    0.05919
 0.36667    0.13333    0.07171
 0.36667    0.16667    0.08029
 0.36667    0.20000    0.08482
 0.36667    0.23333    0.08565
 0.36667    0.26667    0.08358
 0.36667    0.30000    0.07974
 0.36667    0.33333    0.07540
 0.36667    0.36667    0.07166
 0.36667    0.40000    0.06918
 0.36667    0.43333    0.06813
 0.36667    0.46667    0.06810
 0.36667    0.50000    0.06834
 0.36667    0.53333    0.06793
 0.36667    0.56667    0.06607
 0.36667    0.60000    0.06228
 0.36667    0.63333    0.05650
 0.36667    0.66667    0.04912
 0.36667    0.70000    0.04079
 0.36667    0.73333    0.03229
 0.36667    0.76667    0.02434
 0.36667    0.80000    0.01744
 0.36667    0.83333    0.01185
 0.36667    0.86667    0.00759
 0.36667    0.90000    0.00451
 0.36667    0.93333    0.00238
 0.36667    0.96667    0.00095
 0.36667    1.00000    0.00000
 0.40000    0.00000    0.00000
 0.40000    0.03333    0.01716
 0.40000    0.06667    0.03165
 0.40000    0.10000    0.04364
 0.40000    0.13333    0.05295
 0.40000    0.16667    0.05938
 0.40000    0.20000    0.06285
 0.40000    0.23333    0.06361
 0.40000    0.26667    0.06223
 0.40000    0.30000    0.05954
 0.40000    0.33333    0.05645
 0.40000    0.36667    0.05375
 0.40000    0.40000    0.05192
 0.40000    0.43333    0.05108
 0.40000    0.46667    0.05094
 0.40000    0.50000    0.05096
 0.40000    0.53333    0.05049
 0.40000    0.56667    0.04896
 0.40000    0.60000    0.04604
 0.40000    0.63333    0.04170
 0.40000    0.66667    0.03620
 0.40000    0.70000    0.03005
 0.40000    0.73333    0.02379
 0.40000    0.76667    0.01794
 0.40000    0.80000    0.01286
 0.40000    0.83333    0.00875
 0.40000    0.86667    0.00561
 0.40000    0.90000    0.00334
 0.40000    0.93333    0.00176
 0.40000    0.96667    0.00071
 0.40000    1.00000    0.00000
 0.43333    0.00000    0.00000
 0.43333    0.03333    0.01219
 0.43333    0.06667    0.02258
 0.43333    0.10000    0.03121
 0.43333    0.13333    0.03796
 0.43333    0.16667    0.04266
 0.43333    0.20000    0.04526
 0.43333    0.23333    0.04594
 0.43333    0.26667    0.04510
 0.43333    0.30000    0.04332
 0.43333    0.33333    0.04122
 0.43333    0.36667    0.03934
 0.43333    0.40000    0.03803
 0.43333    0.43333    0.03735
 0.43333    0.46667    0.03712
 0.43333    0.50000    0.03698
 0.43333    0.53333    0.03647
 0.43333    0.56667    0.03522
 0.43333    0.60000    0.03300
 0.43333    0.63333    0.02981
 0.43333    0.66667    0.02584
 0.43333    0.70000    0.02142
 0.43333    0.73333    0.01696
 0.43333    0.76667    0.01280
 0.43333    0.80000    0.00919
 0.43333    0.83333    0.00626
 0.43333    0.86667    0.00402
 0.43333    0.90000    0.00239
 0.43333    0.93333    0.00127
 0.43333    0.96667    0.00051
 0.43333    1.00000    0.00000
 0.46667    0.00000    0.00000
 0.46667    0.03333    0.00843
 0.46667    0.06667    0.01568
 0.46667    0.10000    0.02176
 0.46667    0.13333    0.02653
 0.46667    0.16667    0.02990
 0.46667    0.20000    0.03182
 0.46667    0.23333    0.03242
 0.46667    0.26667    0.03197
 0.46667    0.30000    0.03085
 0.46667    0.33333    0.02948
 0.46667    0.36667    0.02822
 0.46667    0.40000    0.02729
 0.46667    0.43333    0.02675
 0.46667    0.46667    0.02647
 0.46667    0.50000    0.02622
 0.46667    0.53333    0.02571
 0.46667    0.56667    0.02469
 0.46667    0.60000    0.02303
 0.46667    0.63333    0.02073
 0.46667    0.66667    0.01793
 0.46667    0.70000    0.01484
 0.46667    0.73333    0.01175
 0.46667    0.76667    0.00887
 0.46667    0.80000    0.00638
 0.46667    0.83333    0.00435
 0.46667    0.86667    0.00280
 0.46667    0.90000    0.00167
 0.46667    0.93333    0.00088
 0.46667    0.96667    0.00035
 0.46667    1.00000    0.00000
 0.50000    0.00000    0.00000
 0.50000    0.03333    0.00570
 0.50000    0.06667    0.01067
 0.50000    0.10000    0.01487
 0.50000    0.13333    0.01819
 0.50000    0.16667    0.02057
 0.50000    0.20000    0.02198
 0.50000    0.23333    0.02249
 0.50000    0.26667    0.02230
 0.50000    0.30000    0.02163
 0.50000    0.33333    0.02077
 0.50000    0.36667    0.01995
 0.50000    0.40000    0.01930
 0.50000    0.43333    0.01887
 0.50000    0.46667    0.01857
 0.50000    0.50000    0.01827
 0.50000    0.53333    0.01778
 0.50000    0.56667    0.01696
 0.50000    0.60000    0.01573
 0.50000    0.63333    0.01410
 0.50000    0.66667    0.01215
 0.50000    0.70000    0.01004
 0.50000    0.73333    0.00794
 0.50000    0.76667    0.00600
 0.50000    0.80000    0.00432
 0.50000    0.83333    0.00296
 0.50000    0.86667    0.00191
 0.50000    0.90000    0.00114
 0.50000    0.93333    0.00060
 0.50000    0.96667    0.00024
 0.50000    1.00000    0.00000
 0.53333    0.00000    0.00000
 0.53333    0.03333    0.00380
 0.53333    0.06667    0.00717
 0.53333    0.10000    0.01003
 0.53333    0.13333    0.01232
 0.53333    0.16667    0.01399
 0.53333    0.20000    0.01501
 0.53333    0.23333    0.01545
 0.53333    0.26667    0.01540
 0.53333    0.30000    0.01503
 0.53333    0.33333    0.01451
 0.53333    0.36667    0.01398
 0.53333    0.40000    0.01353
 0.53333    0.43333    0.01318
 0.53333    0.46667    0.01290
 0.53333    0.50000    0.01258
 0.53333    0.53333    0.01214
 0.53333    0.56667    0.01149
 0.53333    0.60000    0.01058
 0.53333    0.63333    0.00943
 0.53333    0.66667    0.00810
 0.53333    0.70000    0.00668
 0.53333    0.73333    0.00528
 0.53333    0.76667    0.00399
 0.53333    0.80000    0.00288
 0.53333    0.83333    0.00197
 0.53333    0.86667    0.00128
 0.53333    0.90000    0.00076
 0.53333    0.93333    0.00041
 0.53333    0.96667    0.00016
 0.53333    1.00000    0.00000
 0.56667    0.00000    0.00000
 0.56667    0.03333    0.00252
 0.56667    0.06667    0.00479
 0.56667    0.10000    0.00674
 0.56667    0.13333    0.00831
 0.56667    0.16667    0.00948
 0.56667    0.20000    0.01022
 0.56667    0.23333    0.01058
 0.56667    0.26667    0.01061
 0.56667    0.30000    0.01043
 0.56667    0.33333    0.01012
 0.56667    0.36667    0.00978
 0.56667    0.40000    0.00946
 0.56667    0.43333    0.00918
 0.56667    0.46667    0.00892
 0.56667    0.50000    0.00862
 0.56667    0.53333    0.00824
 0.56667    0.56667    0.00773
 0.56667    0.60000    0.00706
 0.56667    0.63333    0.00625
 0.56667    0.66667    0.00535
 0.56667    0.70000    0.00440
 0.56667    0.73333    0.00347
 0.56667    0.76667    0.00262
 0.56667    0.80000    0.00190
 0.56667    0.83333    0.00130
 0.56667    0.86667    0.00084
 0.56667    0.90000    0.00051
 0.56667    0.93333    0.00027
 0.56667    0.96667    0.00011
 0.56667    1.00000    0.00000
 0.60000    0.00000    0.00000
 0.60000    0.03333    0.00168
 0.60000    0.06667    0.00321
 0.60000    0.10000    0.00454
 0.60000    0.13333    0.00563
 0.60000    0.16667    0.00645
 0.60000    0.20000    0.00699
 0.60000    0.23333    0.00728
 0.60000    0.26667    0.00735
 0.60000    0.30000    0.00726
 0.60000    0.33333    0.00708
 0.60000    0.36667    0.00686
 0.60000    0.40000    0.00663
 0.60000    0.43333    0.00641
 0.60000    0.46667    0.00618
 0.60000    0.50000    0.00592
 0.60000    0.53333    0.00560
 0.60000    0.56667    0.00520
 0.60000    0.60000    0.00471
 0.60000    0.63333    0.00414
 0.60000    0.66667    0.00352
 0.60000    0.70000    0.00289
 0.60000    0.73333    0.00227
 0.60000    0.76667    0.00172
 0.60000    0.80000    0.00124
 0.60000    0.83333    0.00086
 0.60000    0.86667    0.00056
 0.60000    0.90000    0.00034
 0.60000    0.93333    0.00018
 0.60000    0.96667    0.00007
 0.60000    1.00000    0.00000
 0.63333    0.00000    0.00000
 0.63333    0.03333    0.00113
 0.63333    0.06667    0.00218
 0.63333    0.10000    0.00309
 0.63333    0.13333    0.00385
 0.63333    0.16667    0.00444
 0.63333    0.20000    0.00483
 0.63333    0.23333    0.00506
 0.63333    0.26667    0.00514
 0.63333    0.30000    0.00511
 0.63333    0.33333    0.00501
 0.63333    0.36667    0.00486
 0.63333    0.40000    0.00469
 0.63333    0.43333    0.00451
 0.63333    0.46667    0.00432
 0.63333    0.50000    0.00409
 0.63333    0.53333    0.00383
 0.63333    0.56667    0.00352
 0.63333    0.60000    0.00316
 0.63333    0.63333    0.00276
 0.63333    0.66667    0.00233
 0.63333    0.70000    0.00190
 0.63333    0.73333    0.00150
 0.63333    0.76667    0.00113
 0.63333    0.80000    0.00082
 0.63333    0.83333    0.00057
 0.63333    0.86667    0.00037
 0.63333    0.90000    0.00022
 0.63333    0.93333    0.00012
 0.63333    0.96667    0.00005
 0.63333    1.00000    0.00000
 0.66667    0.00000    0.00000
 0.66667    0.03333    0.00078
 0.66667    0.06667    0.00150
 0.66667    0.10000    0.00214
 0.66667    0.13333    0.00268
 0.66667    0.16667    0.00310
 0.66667    0.20000    0.00340
 0.66667    0.23333    0.00357
 0.66667    0.26667    0.00365
 0.66667    0.30000    0.00365
 0.66667    0.33333    0.00358
 0.66667    0.36667    0.00348
 0.66667    0.40000    0.00335
 0.66667    0.43333    0.00321
 0.66667    0.46667    0.00305
 0.66667    0.50000    0.00286
 0.66667    0.53333    0.00265
 0.66667    0.56667    0.00241
 0.66667    0.60000    0.00214
 0.66667    0.63333    0.00186
 0.66667    0.66667    0.00156
 0.66667    0.70000    0.00127
 0.66667    0.73333    0.00099
 0.66667    0.76667    0.00075
 0.66667    0.80000    0.00054
 0.66667    0.83333    0.00038
 0.66667    0.86667    0.00025
 0.66667    0.90000    0.00015
 0.66667    0.93333    0.00008
 0.66667    0.96667    0.00003
 0.66667    1.00000    0.00000
 0.70000    0.00000    0.00000
 0.70000    0.03333    0.00054
 0.70000    0.06667    0.00106
 0.70000    0.10000    0.00151
 0.70000    0.13333    0.00190
 0.70000    0.16667    0.00221
 0.70000    0.20000    0.00243
 0.70000    0.23333    0.00257
 0.70000    0.26667    0.00263
 0.70000    0.30000    0.00264
 0.70000    0.33333    0.00260
 0.70000    0.36667    0.00253
 0.70000    0.40000    0.00243
 0.70000    0.43333    0.00231
 0.70000    0.46667    0.00218
 0.70000    0.50000    0.00203
 0.70000    0.53333    0.00186
 0.70000    0.56667    0.00168
 0.70000    0.60000    0.00148
 0.70000    0.63333    0.00127
 0.70000    0.66667    0.00106
 0.70000    0.70000    0.00086
 0.70000    0.73333    0.00067
 0.70000    0.76667    0.00051
 0.70000    0.80000    0.00037
 0.70000    0.83333    0.00025
 0.70000    0.86667    0.00017
 0.70000    0.90000    0.00010
 0.70000    0.93333    0.00005
 0.70000    0.96667    0.00002
 0.70000    1.00000    0.00000
 0.73333    0.00000    0.00000
 0.73333    0.03333    0.00039
 0.73333    0.06667    0.00076
 0.73333    0.10000    0.00109
 0.73333    0.13333    0.00137
 0.73333    0.16667    0.00160
 0.73333    0.20000    0.00176
 0.73333    0.23333    0.00187
 0.73333    0.26667    0.00193
 0.73333    0.30000    0.00194
 0.73333    0.33333    0.00191
 0.73333    0.36667    0.00186
 0.73333    0.40000    0.00178
 0.73333    0.43333    0.00169
 0.73333    0.46667    0.00158
 0.73333    0.50000    0.00146
 0.73333    0.53333    0.00133
 0.73333    0.56667    0.00118
 0.73333    0.60000    0.00103
 0.73333    0.63333    0.00088
 0.73333    0.66667    0.00073
 0.73333    0.70000    0.00059
 0.73333    0.73333    0.00046
 0.73333    0.76667    0.00035
 0.73333    0.80000    0.00025
 0.73333    0.83333    0.00017
 0.73333    0.86667    0.00011
 0.73333    0.90000    0.00007
 0.73333    0.93333    0.00004
 0.73333    0.96667    0.00001
 0.73333    1.00000    0.00000
 0.76667    0.00000    0.00000
 0.76667    0.03333    0.00028
 0.76667    0.06667    0.00055
 0.76667    0.10000    0.00080
 0.76667    0.13333    0.00101
 0.76667    0.16667    0.00117
 0.76667    0.20000    0.00130
 0.76667    0.23333    0.00138
 0.76667    0.26667    0.00143
 0.76667    0.30000    0.00144
 0.76667    0.33333    0.00142
 0.76667    0.36667    0.00138
 0.76667    0.40000    0.00132
 0.76667    0.43333    0.00124
 0.76667    0.46667    0.00116
 0.76667    0.50000    0.00106
 0.76667    0.53333    0.00096
 0.76667    0.56667    0.00085
 0.76667    0.60000    0.00073
 0.76667    0.63333    0.00062
 0.76667    0.66667    0.00051
 0.76667    0.70000    0.00041
 0.76667    0.73333    0.00032
 0.76667    0.76667    0.00024
 0.76667    0.80000    0.00017
 0.76667    0.83333    0.00012
 0.76667    0.86667    0.00008
 0.76667    0.90000    0.00005
 0.76667    0.93333    0.00003
 0.76667    0.96667    0.00001
 0.76667    1.00000    0.00000
 0.80000    0.00000    0.00000
 0.80000    0.03333    0.00021
 0.80000    0.06667    0.00041
 0.80000    0.10000    0.00059
 0.80000    0.13333    0.00074
 0.80000    0.16667    0.00087
 0.80000    0.20000    0.00096
 0.80000    0.23333    0.00103
 0.80000    0.26667    0.00106
 0.80000    0.30000    0.00107
 0.80000    0.33333    0.00106
 0.80000    0.36667    0.00102
 0.80000    0.40000    0.00098
 0.80000    0.43333    0.00092
 0.80000    0.46667    0.00085
 0.80000    0.50000    0.00078
 0.80000    0.53333    0.00070
 0.80000    0.56667    0.00061
 0.80000    0.60000    0.00053
 0.80000    0.63333    0.00044
 0.80000    0.66667    0.00036
 0.80000    0.70000    0.00029
 0.80000    0.73333    0.00023
 0.80000    0.76667    0.00017
 0.80000    0.80000    0.00012
 0.80000    0.83333    0.00008
 0.80000    0.86667    0.00006
 0.80000    0.90000    0.00003
 0.80000    0.93333    0.00002
 0.80000    0.96667    0.00001
 0.80000    1.00000    0.00000
 0.83333    0.00000    0.00000
 0.83333    0.03333    0.00015
 0.83333    0.06667    0.00030
 0.83333    0.10000    0.00043
 0.83333    0.13333    0.00055
 0.83333    0.16667    0.00064
 0.83333    0.20000    0.00071
 0.83333    0.23333    0.00076
 0.83333    0.26667    0.00079
 0.83333    0.30000    0.00080
 0.83333    0.33333    0.00078
 0.83333    0.36667    0.00076
 0.83333    0.40000    0.00072
 0.83333    0.43333    0.00068
 0.83333    0.46667    0.00062
 0.83333    0.50000    0.00057
 0.83333    0.53333    0.00050
 0.83333    0.56667    0.00044
 0.83333    0.60000    0.00038
 0.83333    0.63333    0.00032
 0.83333    0.66667    0.00026
 0.83333    0.70000    0.00021
 0.83333    0.73333    0.00016
 0.83333    0.76667    0.00012
 0.83333    0.80000    0.00009
 0.83333    0.83333    0.00006
 0.83333    0.86667    0.00004
 0.83333    0.90000    0.00002
 0.83333    0.93333    0.00001
 0.83333    0.96667    0.00000
 0.83333    1.00000    0.00000
 0.86667    0.00000    0.00000
 0.86667    0.03333    0.00011
 0.86667    0.06667    0.00022
 0.86667    0.10000    0.00031
 0.86667    0.13333    0.00040
 0.86667    0.16667    0.00047
 0.86667    0.20000    0.00052
 0.86667    0.23333    0.00056
 0.86667    0.26667    0.00058
 0.86667    0.30000    0.00058
 0.86667    0.33333    0.00057
 0.86667    0.36667    0.00055
 0.86667    0.40000    0.00053
 0.86667    0.43333    0.00049
 0.86667    0.46667    0.00045
 0.86667    0.50000    0.00041
 0.86667    0.53333    0.00036
 0.86667    0.56667    0.00031
 0.86667    0.60000    0.00027
 0.86667    0.63333    0.00022
 0.86667    0.66667    0.00018
 0.86667    0.70000    0.00014
 0.86667    0.73333    0.00011
 0.86667    0.76667    0.00008
 0.86667    0.80000    0.00006
 0.86667    0.83333    0.00004
 0.86667    0.86667    0.00003
 0.86667    0.90000    0.00002
 0.86667    0.93333    0.00001
 0.86667    0.96667    0.00000
 0.86667    1.00000    0.00000
 0.90000    0.00000    0.00000
 0.90000    0.03333    0.00008
 0.90000    0.06667    0.00015
 0.90000    0.10000    0.00022
 0.90000    0.13333    0.00028
 0.90000    0.16667    0.00033
 0.90000    0.20000    0.00036
 0.90000    0.23333    0.00039
 0.90000    0.26667    0.00040
 0.90000    0.30000    0.00041
 0.90000    0.33333    0.00040
 0.90000    0.36667    0.00039
 0.90000    0.40000    0.00037
 0.90000    0.43333    0.00034
 0.90000    0.46667    0.00031
 0.90000    0.50000    0.00028
 0.90000    0.53333    0.00025
 0.90000    0.56667    0.00022
 0.90000    0.60000    0.00018
 0.90000    0.63333    0.00015
 0.90000    0.66667    0.00012
 0.90000    0.70000    0.00010
 0.90000    0.73333    0.00008
 0.90000    0.76667    0.00006
 0.90000    0.80000    0.00004
 0.90000    0.83333    0.00003
 0.90000    0.86667    0.00002
 0.90000    0.90000    0.00001
 0.90000    0.93333    0.00001
 0.90000    0.96667    0.00000
 0.90000    1.00000    0.00000
 0.93333    0.00000    0.00000
 0.93333    0.03333    0.00005
 0.93333    0.06667    0.00010
 0.93333    0.10000    0.00014
 0.93333    0.13333    0.00018
 0.93333    0.16667    0.00021
 0.93333    0.20000    0.00023
 0.93333    0.23333    0.00025
 0.93333    0.26667    0.00026
 0.93333    0.30000    0.00026
 0.93333    0.33333    0.00025
 0.93333    0.36667    0.00024
 0.93333    0.40000    0.00023
 0.93333    0.43333    0.00022
 0.93333    0.46667    0.00020
 0.93333    0.50000    0.00018
 0.93333    0.53333    0.00016
 0.93333    0.56667    0.00014
 0.93333    0.60000    0.00011
 0.93333    0.63333    0.00010
 0.93333    0.66667    0.00008
 0.93333    0.70000    0.00006
 0.93333    0.73333    0.00005
 0.93333    0.76667    0.00003
 0.93333    0.80000    0.00003
 0.93333    0.83333    0.00002
 0.93333    0.86667    0.00001
 0.93333    0.90000    0.00001
 0.93333    0.93333    0.00000
 0.93333    0.96667    0.00000
 0.93333    1.00000    0.00000
 0.96667    0.00000    0.00000
 0.96667    0.03333    0.00002
 0.96667    0.06667    0.00005
 0.96667    0.10000    0.00007
 0.96667    0.13333    0.00009
 0.96667    0.16667    0.00010
 0.96667    0.20000    0.00011
 0.96667    0.23333    0.00012
 0.96667    0.26667    0.00012
 0.96667    0.30000    0.00012
 0.96667    0.33333    0.00012
 0.96667    0.36667    0.00012
 0.96667    0.40000    0.00011
 0.96667    0.43333    0.00010
 0.96667    0.46667    0.00010
 0.96667    0.50000    0.00009
 0.96667    0.53333    0.00008
 0.96667    0.56667    0.00007
 0.96667    0.60000    0.00006
 0.96667    0.63333    0.00005
 0.96667    0.66667    0.00004
 0.96667    0.70000    0.00003
 0.96667    0.73333    0.00002
 0.96667    0.76667    0.00002
 0.96667    0.80000    0.00001
 0.96667    0.83333    0.00001
 0.96667    0.86667    0.00001
 0.96667    0.90000    0.00000
 0.96667    0.93333    0.00000
 0.96667    0.96667    0.00000
 0.96667    1.00000    0.00000
 1.00000    0.00000    0.00000
 1.00000    0.03333    0.00000
 1.00000    0.06667    0.00000
 1.00000    0.10000    0.00000
 1.00000    0.13333    0.00000
 1.00000    0.16667    0.00000
 1.00000    0.20000    0.00000
 1.00000    0.23333    0.00000
 1.00000    0.26667    0.00000
 1.00000    0.30000    0.00000
 1.00000    0.33333    0.00000
 1.00000    0.36667    0.00000
 1.00000    0.40000    0.00000
 1.00000    0.43333    0.00000
 1.00000    0.46667    0.00000
 1.00000    0.50000    0.00000
 1.00000    0.53333    0.00000
 1.00000    0.56667    0.00000
 1.00000    0.60000    0.00000
 1.00000    0.63333    0.00000
 1.00000    0.66667    0.00000
 1.00000    0.70000    0.00000
 1.00000    0.73333    0.00000
 1.00000    0.76667    0.00000
 1.00000    0.80000    0.00000
 1.00000    0.83333    0.00000
 1.00000    0.86667    0.00000
 1.00000    0.90000    0.00000
 1.00000    0.93333    0.00000
 1.00000    0.96667    0.00000
 1.00000    1.00000    0.00000
