Linear-CD-2D results
Number of interior x-grid pts: N = 29
Number of interior y-grid pts: M = 29
Approximate solution: x_i, y_j, u_ij
 0.00000    0.00000    0.00000
 0.00000    0.03333    0.00000
 0.00000    0.06667    0.00000
 0.00000    0.10000    0.00000
 0.00000    0.13333    0.00000
 0.00000    0.16667    0.00000
 0.00000    0.20000    0.00000
 0.00000    0.23333    0.00000
 0.00000    0.26667    0.00000
 0.00000    0.30000    0.00000
 0.00000    0.33333    0.00000
 0.00000    0.36667    0.00000
 0.00000    0.40000    0.00000
 0.00000    0.43333    0.00000
 0.00000    0.46667    0.00000
 0.00000    0.50000    0.00000
 0.00000    0.53333    0.00000
 0.00000    0.56667    0.00000
 0.00000    0.60000    0.00000
 0.00000    0.63333    0.00000
 0.00000    0.66667    0.00000
 0.00000    0.70000    0.00000
 0.00000    0.73333    0.00000
 0.00000    0.76667    0.00000
 0.00000    0.80000    0.00000
 0.00000    0.83333    0.00000
 0.00000    0.86667    0.00000
 0.00000    0.90000    0.00000
 0.00000    0.93333    0.00000
 0.00000    0.96667    0.00000
 0.00000    1.00000    0.00000
 0.03333    0.00000    0.00000
 0.03333    0.03333    0.00532
 0.03333    0.06667    0.00897
 0.03333    0.10000    0.01186
 0.03333    0.13333    0.01412
 0.03333    0.16667    0.01564
 0.03333    0.20000    0.01630
 0.03333    0.23333    0.01603
 0.03333    0.26667    0.01491
 0.03333    0.30000    0.01313
 0.03333    0.33333    0.01098
 0.03333    0.36667    0.00873
 0.03333    0.40000    0.00662
 0.03333    0.43333    0.00480
 0.03333    0.46667    0.00335
 0.03333    0.50000    0.00226
 0.03333    0.53333    0.00148
 0.03333    0.56667    0.00095
 0.03333    0.60000    0.00061
 0.03333    0.63333    0.00039
 0.03333    0.66667    0.00025
 0.03333    0.70000    0.00016
 0.03333    0.73333    0.00011
 0.03333    0.76667    0.00007
 0.03333    0.80000    0.00005
 0.03333    0.83333    0.00004
 0.03333    0.86667    0.00002
 0.03333    0.90000    0.00002
 0.03333    0.93333    0.00001
 0.03333    0.96667    0.00001
 0.03333    1.00000    0.00000
 0.06667    0.00000    0.00000
 0.06667    0.03333    0.01169
 0.06667    0.06667    0.02025
 0.06667    0.10000    0.02703
 0.06667    0.13333    0.03228
 0.06667    0.16667    0.03582
 0.06667    0.20000    0.03740
 0.06667    0.23333    0.03691
 0.06667    0.26667    0.03452
 0.06667    0.30000    0.03066
 0.06667    0.33333    0.02591
 0.06667    0.36667    0.02088
 0.06667    0.40000    0.01610
 0.06667    0.43333    0.01191
 0.06667    0.46667    0.00850
 0.06667    0.50000    0.00588
 0.06667    0.53333    0.00397
 0.06667    0.56667    0.00263
 0.06667    0.60000    0.00173
 0.06667    0.63333    0.00114
 0.06667    0.66667    0.00075
 0.06667    0.70000    0.00050
 0.06667    0.73333    0.00034
 0.06667    0.76667    0.00023
 0.06667    0.80000    0.00016
 0.06667    0.83333    0.00011
 0.06667    0.86667    0.00008
 0.06667    0.90000    0.00006
 0.06667    0.93333    0.00004
 0.06667    0.96667    0.00002
 0.06667    1.00000    0.00000
 0.10000    0.00000    0.00000
 0.10000    0.03333    0.01909
 0.10000    0.06667    0.03364
 0.10000    0.10000    0.04524
 0.10000    0.13333    0.05421
 0.10000    0.16667    0.06028
 0.10000    0.20000    0.06306
 0.10000    0.23333    0.06244
 0.10000    0.26667    0.05870
 0.10000    0.30000    0.05251
 0.10000    0.33333    0.04480
 0.10000    0.36667    0.03654
 0.10000    0.40000    0.02858
 0.10000    0.43333    0.02152
 0.10000    0.46667    0.01567
 0.10000    0.50000    0.01109
 0.10000    0.53333    0.00768
 0.10000    0.56667    0.00524
 0.10000    0.60000    0.00354
 0.10000    0.63333    0.00239
 0.10000    0.66667    0.00161
 0.10000    0.70000    0.00110
 0.10000    0.73333    0.00076
 0.10000    0.76667    0.00053
 0.10000    0.80000    0.00038
 0.10000    0.83333    0.00027
 0.10000    0.86667    0.00019
 0.10000    0.90000    0.00014
 0.10000    0.93333    0.00009
 0.10000    0.96667    0.00005
 0.10000    1.00000    0.00000
 0.13333    0.00000    0.00000
 0.13333    0.03333    0.02719
 0.13333    0.06667    0.04851
 0.13333    0.10000    0.06565
 0.13333    0.13333    0.07892
 0.13333    0.16667    0.08793
 0.13333    0.20000    0.09221
 0.13333    0.23333    0.09162
 0.13333    0.26667    0.08655
 0.13333    0.30000    0.07795
 0.13333    0.33333    0.06708
 0.13333    0.36667    0.05532
 0.13333    0.40000    0.04386
 0.13333    0.43333    0.03356
 0.13333    0.46667    0.02490
 0.13333    0.50000    0.01801
 0.13333    0.53333    0.01276
 0.13333    0.56667    0.00892
 0.13333    0.60000    0.00619
 0.13333    0.63333    0.00428
 0.13333    0.66667    0.00297
 0.13333    0.70000    0.00208
 0.13333    0.73333    0.00146
 0.13333    0.76667    0.00104
 0.13333    0.80000    0.00075
 0.13333    0.83333    0.00054
 0.13333    0.86667    0.00040
 0.13333    0.90000    0.00029
 0.13333    0.93333    0.00020
 0.13333    0.96667    0.00011
 0.13333    1.00000    0.00000
 0.16667    0.00000    0.00000
 0.16667    0.03333    0.03541
 0.16667    0.06667    0.06382
 0.16667    0.10000    0.08686
 0.16667    0.13333    0.10474
 0.16667    0.16667    0.11697
 0.16667    0.20000    0.12298
 0.16667    0.23333    0.12262
 0.16667    0.26667    0.11642
 0.16667    0.30000    0.10554
 0.16667    0.33333    0.09162
 0.16667    0.36667    0.07638
 0.16667    0.40000    0.06136
 0.16667    0.43333    0.04770
 0.16667    0.46667    0.03603
 0.16667    0.50000    0.02660
 0.16667    0.53333    0.01928
 0.16667    0.56667    0.01381
 0.16667    0.60000    0.00982
 0.16667    0.63333    0.00697
 0.16667    0.66667    0.00495
 0.16667    0.70000    0.00354
 0.16667    0.73333    0.00255
 0.16667    0.76667    0.00185
 0.16667    0.80000    0.00135
 0.16667    0.83333    0.00100
 0.16667    0.86667    0.00074
 0.16667    0.90000    0.00054
 0.16667    0.93333    0.00037
 0.16667    0.96667    0.00021
 0.16667    1.00000    0.00000
 0.20000    0.00000    0.00000
 0.20000    0.03333    0.04306
 0.20000    0.06667    0.07829
 0.20000    0.10000    0.10711
 0.20000    0.13333    0.12959
 0.20000    0.16667    0.14509
 0.20000    0.20000    0.15298
 0.20000    0.23333    0.15312
 0.20000    0.26667    0.14613
 0.20000    0.30000    0.13340
 0.20000    0.33333    0.11683
 0.20000    0.36667    0.09847
 0.20000    0.40000    0.08017
 0.20000    0.43333    0.06329
 0.20000    0.46667    0.04868
 0.20000    0.50000    0.03666
 0.20000    0.53333    0.02717
 0.20000    0.56667    0.01991
 0.20000    0.60000    0.01450
 0.20000    0.63333    0.01054
 0.20000    0.66667    0.00767
 0.20000    0.70000    0.00560
 0.20000    0.73333    0.00412
 0.20000    0.76667    0.00305
 0.20000    0.80000    0.00227
 0.20000    0.83333    0.00170
 0.20000    0.86667    0.00127
 0.20000    0.90000    0.00094
 0.20000    0.93333    0.00066
 0.20000    0.96667    0.00037
 0.20000    1.00000    0.00000
 0.23333    0.00000    0.00000
 0.23333    0.03333    0.04943
 0.23333    0.06667    0.09064
 0.23333    0.10000    0.12466
 0.23333    0.13333    0.15133
 0.23333    0.16667    0.16993
 0.23333    0.20000    0.17975
 0.23333    0.23333    0.18067
 0.23333    0.26667    0.17338
 0.23333    0.30000    0.15944
 0.23333    0.33333    0.14094
 0.23333    0.36667    0.12016
 0.23333    0.40000    0.09917
 0.23333    0.43333    0.07955
 0.23333    0.46667    0.06231
 0.23333    0.50000    0.04787
 0.23333    0.53333    0.03625
 0.23333    0.56667    0.02718
 0.23333    0.60000    0.02026
 0.23333    0.63333    0.01507
 0.23333    0.66667    0.01122
 0.23333    0.70000    0.00838
 0.23333    0.73333    0.00628
 0.23333    0.76667    0.00474
 0.23333    0.80000    0.00359
 0.23333    0.83333    0.00273
 0.23333    0.86667    0.00208
 0.23333    0.90000    0.00155
 0.23333    0.93333    0.00110
 0.23333    0.96667    0.00062
 0.23333    1.00000    0.00000
 0.26667    0.00000    0.00000
 0.26667    0.03333    0.05401
 0.26667    0.06667    0.09986
 0.26667    0.10000    0.13806
 0.26667    0.13333    0.16823
 0.26667    0.16667    0.18952
 0.26667    0.20000    0.20121
 0.26667    0.23333    0.20318
 0.26667    0.26667    0.19619
 0.26667    0.30000    0.18185
 0.26667    0.33333    0.16234
 0.26667    0.36667    0.14008
 0.26667    0.40000    0.11726
 0.26667    0.43333    0.09562
 0.26667    0.46667    0.07628
 0.26667    0.50000    0.05980
 0.26667    0.53333    0.04626
 0.26667    0.56667    0.03547
 0.26667    0.60000    0.02705
 0.26667    0.63333    0.02058
 0.26667    0.66667    0.01566
 0.26667    0.70000    0.01194
 0.26667    0.73333    0.00914
 0.26667    0.76667    0.00702
 0.26667    0.80000    0.00542
 0.26667    0.83333    0.00419
 0.26667    0.86667    0.00323
 0.26667    0.90000    0.00244
 0.26667    0.93333    0.00174
 0.26667    0.96667    0.00099
 0.26667    1.00000    0.00000
 0.30000    0.00000    0.00000
 0.30000    0.03333    0.05654
 0.30000    0.06667    0.10539
 0.30000    0.10000    0.14651
 0.30000    0.13333    0.17925
 0.30000    0.16667    0.20268
 0.30000    0.20000    0.21608
 0.30000    0.23333    0.21934
 0.30000    0.26667    0.21323
 0.30000    0.30000    0.19934
 0.30000    0.33333    0.17984
 0.30000    0.36667    0.15716
 0.30000    0.40000    0.13352
 0.30000    0.43333    0.11072
 0.30000    0.46667    0.08999
 0.30000    0.50000    0.07198
 0.30000    0.53333    0.05688
 0.30000    0.56667    0.04458
 0.30000    0.60000    0.03475
 0.30000    0.63333    0.02703
 0.30000    0.66667    0.02101
 0.30000    0.70000    0.01635
 0.30000    0.73333    0.01276
 0.30000    0.76667    0.00999
 0.30000    0.80000    0.00784
 0.30000    0.83333    0.00616
 0.30000    0.86667    0.00481
 0.30000    0.90000    0.00369
 0.30000    0.93333    0.00265
 0.30000    0.96667    0.00152
 0.30000    1.00000    0.00000
 0.33333    0.00000    0.00000
 0.33333    0.03333    0.05707
 0.33333    0.06667    0.10722
 0.33333    0.10000    0.14989
 0.33333    0.13333    0.18418
 0.33333    0.16667    0.20912
 0.33333    0.20000    0.22400
 0.33333    0.23333    0.22872
 0.33333    0.26667    0.22399
 0.33333    0.30000    0.21133
 0.33333    0.33333    0.19282
 0.33333    0.36667    0.17075
 0.33333    0.40000    0.14730
 0.33333    0.43333    0.12426
 0.33333    0.46667    0.10290
 0.33333    0.50000    0.08397
 0.33333    0.53333    0.06777
 0.33333    0.56667    0.05425
 0.33333    0.60000    0.04321
 0.33333    0.63333    0.03432
 0.33333    0.66667    0.02723
 0.33333    0.70000    0.02162
 0.33333    0.73333    0.01719
 0.33333    0.76667    0.01369
 0.33333    0.80000    0.01093
 0.33333    0.83333    0.00871
 0.33333    0.86667    0.00691
 0.33333    0.90000    0.00535
 0.33333    0.93333    0.00388
 0.33333    0.96667    0.00224
 0.33333    1.00000    0.00000
 0.36667    0.00000    0.00000
 0.36667    0.03333    0.05588
 0.36667    0.06667    0.10578
 0.36667    0.10000    0.14870
 0.36667    0.13333    0.18358
 0.36667    0.16667    0.20940
 0.36667    0.20000    0.22548
 0.36667    0.23333    0.23171
 0.36667    0.26667    0.22874
 0.36667    0.30000    0.21794
 0.36667    0.33333    0.20120
 0.36667    0.36667    0.18064
 0.36667    0.40000    0.15828
 0.36667    0.43333    0.13586
 0.36667    0.46667    0.11463
 0.36667    0.50000    0.09541
 0.36667    0.53333    0.07858
 0.36667    0.56667    0.06423
 0.36667    0.60000    0.05222
 0.36667    0.63333    0.04232
 0.36667    0.66667    0.03425
 0.36667    0.70000    0.02771
 0.36667    0.73333    0.02243
 0.36667    0.76667    0.01818
 0.36667    0.80000    0.01474
 0.36667    0.83333    0.01193
 0.36667    0.86667    0.00958
 0.36667    0.90000    0.00751
 0.36667    0.93333    0.00549
 0.36667    0.96667    0.00318
 0.36667    1.00000    0.00000
 0.40000    0.00000    0.00000
 0.40000    0.03333    0.05337
 0.40000    0.06667    0.10177
 0.40000    0.10000    0.14387
 0.40000    0.13333    0.17850
 0.40000    0.16667    0.20463
 0.40000    0.20000    0.22161
 0.40000    0.23333    0.22932
 0.40000    0.26667    0.22832
 0.40000    0.30000    0.21979
 0.40000    0.33333    0.20539
 0.40000    0.36667    0.18700
 0.40000    0.40000    0.16645
 0.40000    0.43333    0.14534
 0.40000    0.46667    0.12491
 0.40000    0.50000    0.10597
 0.40000    0.53333    0.08902
 0.40000    0.56667    0.07421
 0.40000    0.60000    0.06154
 0.40000    0.63333    0.05085
 0.40000    0.66667    0.04193
 0.40000    0.70000    0.03454
 0.40000    0.73333    0.02845
 0.40000    0.76667    0.02344
 0.40000    0.80000    0.01930
 0.40000    0.83333    0.01585
 0.40000    0.86667    0.01289
 0.40000    0.90000    0.01021
 0.40000    0.93333    0.00752
 0.40000    0.96667    0.00439
 0.40000    1.00000    0.00000
 0.43333    0.00000    0.00000
 0.43333    0.03333    0.05003
 0.43333    0.06667    0.09602
 0.43333    0.10000    0.13649
 0.43333    0.13333    0.17021
 0.43333    0.16667    0.19617
 0.43333    0.20000    0.21375
 0.43333    0.23333    0.22282
 0.43333    0.26667    0.22382
 0.43333    0.30000    0.21776
 0.43333    0.33333    0.20601
 0.43333    0.36667    0.19021
 0.43333    0.40000    0.17195
 0.43333    0.43333    0.15269
 0.43333    0.46667    0.13357
 0.43333    0.50000    0.11544
 0.43333    0.53333    0.09880
 0.43333    0.56667    0.08394
 0.43333    0.60000    0.07091
 0.43333    0.63333    0.05968
 0.43333    0.66667    0.05009
 0.43333    0.70000    0.04198
 0.43333    0.73333    0.03516
 0.43333    0.76667    0.02943
 0.43333    0.80000    0.02459
 0.43333    0.83333    0.02047
 0.43333    0.86667    0.01685
 0.43333    0.90000    0.01348
 0.43333    0.93333    0.01001
 0.43333    0.96667    0.00587
 0.43333    1.00000    0.00000
 0.46667    0.00000    0.00000
 0.46667    0.03333    0.04625
 0.46667    0.06667    0.08928
 0.46667    0.10000    0.12758
 0.46667    0.13333    0.15991
 0.46667    0.16667    0.18533
 0.46667    0.20000    0.20324
 0.46667    0.23333    0.21348
 0.46667    0.26667    0.21640
 0.46667    0.30000    0.21278
 0.46667    0.33333    0.20378
 0.46667    0.36667    0.19075
 0.46667    0.40000    0.17506
 0.46667    0.43333    0.15798
 0.46667    0.46667    0.14056
 0.46667    0.50000    0.12362
 0.46667    0.53333    0.10770
 0.46667    0.56667    0.09313
 0.46667    0.60000    0.08008
 0.46667    0.63333    0.06857
 0.46667    0.66667    0.05853
 0.46667    0.70000    0.04986
 0.46667    0.73333    0.04241
 0.46667    0.76667    0.03602
 0.46667    0.80000    0.03053
 0.46667    0.83333    0.02574
 0.46667    0.86667    0.02143
 0.46667    0.90000    0.01731
 0.46667    0.93333    0.01296
 0.46667    0.96667    0.00762
 0.46667    1.00000    0.00000
 0.50000    0.00000    0.00000
 0.50000    0.03333    0.04234
 0.50000    0.06667    0.08215
 0.50000    0.10000    0.11797
 0.50000    0.13333    0.14862
 0.50000    0.16667    0.17321
 0.50000    0.20000    0.19119
 0.50000    0.23333    0.20237
 0.50000    0.26667    0.20700
 0.50000    0.30000    0.20569
 0.50000    0.33333    0.19935
 0.50000    0.36667    0.18908
 0.50000    0.40000    0.17604
 0.50000    0.43333    0.16131
 0.50000    0.46667    0.14584
 0.50000    0.50000    0.13038
 0.50000    0.53333    0.11549
 0.50000    0.56667    0.10154
 0.50000    0.60000    0.08876
 0.50000    0.63333    0.07724
 0.50000    0.66667    0.06698
 0.50000    0.70000    0.05793
 0.50000    0.73333    0.05001
 0.50000    0.76667    0.04308
 0.50000    0.80000    0.03699
 0.50000    0.83333    0.03156
 0.50000    0.86667    0.02656
 0.50000    0.90000    0.02165
 0.50000    0.93333    0.01632
 0.50000    0.96667    0.00964
 0.50000    1.00000    0.00000
 0.53333    0.00000    0.00000
 0.53333    0.03333    0.03852
 0.53333    0.06667    0.07504
 0.53333    0.10000    0.10824
 0.53333    0.13333    0.13703
 0.53333    0.16667    0.16060
 0.53333    0.20000    0.17842
 0.53333    0.23333    0.19029
 0.53333    0.26667    0.19637
 0.53333    0.30000    0.19711
 0.53333    0.33333    0.19322
 0.53333    0.36667    0.18557
 0.53333    0.40000    0.17512
 0.53333    0.43333    0.16278
 0.53333    0.46667    0.14937
 0.53333    0.50000    0.13559
 0.53333    0.53333    0.12197
 0.53333    0.56667    0.10891
 0.53333    0.60000    0.09667
 0.53333    0.63333    0.08539
 0.53333    0.66667    0.07515
 0.53333    0.70000    0.06593
 0.53333    0.73333    0.05770
 0.53333    0.76667    0.05035
 0.53333    0.80000    0.04377
 0.53333    0.83333    0.03777
 0.53333    0.86667    0.03210
 0.53333    0.90000    0.02640
 0.53333    0.93333    0.02002
 0.53333    0.96667    0.01188
 0.53333    1.00000    0.00000
 0.56667    0.00000    0.00000
 0.56667    0.03333    0.03488
 0.56667    0.06667    0.06820
 0.56667    0.10000    0.09876
 0.56667    0.13333    0.12560
 0.56667    0.16667    0.14799
 0.56667    0.20000    0.16545
 0.56667    0.23333    0.17776
 0.56667    0.26667    0.18499
 0.56667    0.30000    0.18748
 0.56667    0.33333    0.18576
 0.56667    0.36667    0.18051
 0.56667    0.40000    0.17249
 0.56667    0.43333    0.16247
 0.56667    0.46667    0.15114
 0.56667    0.50000    0.13914
 0.56667    0.53333    0.12696
 0.56667    0.56667    0.11499
 0.56667    0.60000    0.10352
 0.56667    0.63333    0.09272
 0.56667    0.66667    0.08272
 0.56667    0.70000    0.07354
 0.56667    0.73333    0.06518
 0.56667    0.76667    0.05757
 0.56667    0.80000    0.05061
 0.56667    0.83333    0.04413
 0.56667    0.86667    0.03786
 0.56667    0.90000    0.03137
 0.56667    0.93333    0.02393
 0.56667    0.96667    0.01425
 0.56667    1.00000    0.00000
 0.60000    0.00000    0.00000
 0.60000    0.03333    0.03148
 0.60000    0.06667    0.06171
 0.60000    0.10000    0.08968
 0.60000    0.13333    0.11455
 0.60000    0.16667    0.13566
 0.60000    0.20000    0.15257
 0.60000    0.23333    0.16507
 0.60000    0.26667    0.17316
 0.60000    0.30000    0.17706
 0.60000    0.33333    0.17719
 0.60000    0.36667    0.17405
 0.60000    0.40000    0.16824
 0.60000    0.43333    0.16040
 0.60000    0.46667    0.15111
 0.60000    0.50000    0.14091
 0.60000    0.53333    0.13026
 0.60000    0.56667    0.11953
 0.60000    0.60000    0.10900
 0.60000    0.63333    0.09889
 0.60000    0.66667    0.08933
 0.60000    0.70000    0.08039
 0.60000    0.73333    0.07209
 0.60000    0.76667    0.06439
 0.60000    0.80000    0.05720
 0.60000    0.83333    0.05035
 0.60000    0.86667    0.04356
 0.60000    0.90000    0.03635
 0.60000    0.93333    0.02787
 0.60000    0.96667    0.01666
 0.60000    1.00000    0.00000
 0.63333    0.00000    0.00000
 0.63333    0.03333    0.02830
 0.63333    0.06667    0.05561
 0.63333    0.10000    0.08107
 0.63333    0.13333    0.10396
 0.63333    0.16667    0.12370
 0.63333    0.20000    0.13990
 0.63333    0.23333    0.15234
 0.63333    0.26667    0.16099
 0.63333    0.30000    0.16599
 0.63333    0.33333    0.16763
 0.63333    0.36667    0.16629
 0.63333    0.40000    0.16244
 0.63333    0.43333    0.15658
 0.63333    0.46667    0.14921
 0.63333    0.50000    0.14077
 0.63333    0.53333    0.13168
 0.63333    0.56667    0.12227
 0.63333    0.60000    0.11283
 0.63333    0.63333    0.10357
 0.63333    0.66667    0.09462
 0.63333    0.70000    0.08610
 0.63333    0.73333    0.07803
 0.63333    0.76667    0.07041
 0.63333    0.80000    0.06314
 0.63333    0.83333    0.05606
 0.63333    0.86667    0.04888
 0.63333    0.90000    0.04104
 0.63333    0.93333    0.03163
 0.63333    0.96667    0.01896
 0.63333    1.00000    0.00000
 0.66667    0.00000    0.00000
 0.66667    0.03333    0.02533
 0.66667    0.06667    0.04987
 0.66667    0.10000    0.07289
 0.66667    0.13333    0.09380
 0.66667    0.16667    0.11210
 0.66667    0.20000    0.12743
 0.66667    0.23333    0.13960
 0.66667    0.26667    0.14853
 0.66667    0.30000    0.15431
 0.66667    0.33333    0.15712
 0.66667    0.36667    0.15726
 0.66667    0.40000    0.15509
 0.66667    0.43333    0.15099
 0.66667    0.46667    0.14537
 0.66667    0.50000    0.13860
 0.66667    0.53333    0.13103
 0.66667    0.56667    0.12298
 0.66667    0.60000    0.11470
 0.66667    0.63333    0.10640
 0.66667    0.66667    0.09822
 0.66667    0.70000    0.09027
 0.66667    0.73333    0.08260
 0.66667    0.76667    0.07521
 0.66667    0.80000    0.06803
 0.66667    0.83333    0.06088
 0.66667    0.86667    0.05344
 0.66667    0.90000    0.04513
 0.66667    0.93333    0.03493
 0.66667    0.96667    0.02099
 0.66667    1.00000    0.00000
 0.70000    0.00000    0.00000
 0.70000    0.03333    0.02253
 0.70000    0.06667    0.04442
 0.70000    0.10000    0.06509
 0.70000    0.13333    0.08402
 0.70000    0.16667    0.10081
 0.70000    0.20000    0.11513
 0.70000    0.23333    0.12681
 0.70000    0.26667    0.13575
 0.70000    0.30000    0.14199
 0.70000    0.33333    0.14566
 0.70000    0.36667    0.14696
 0.70000    0.40000    0.14617
 0.70000    0.43333    0.14358
 0.70000    0.46667    0.13950
 0.70000    0.50000    0.13426
 0.70000    0.53333    0.12815
 0.70000    0.56667    0.12143
 0.70000    0.60000    0.11434
 0.70000    0.63333    0.10706
 0.70000    0.66667    0.09974
 0.70000    0.70000    0.09250
 0.70000    0.73333    0.08537
 0.70000    0.76667    0.07837
 0.70000    0.80000    0.07143
 0.70000    0.83333    0.06436
 0.70000    0.86667    0.05684
 0.70000    0.90000    0.04825
 0.70000    0.93333    0.03748
 0.70000    0.96667    0.02258
 0.70000    1.00000    0.00000
 0.73333    0.00000    0.00000
 0.73333    0.03333    0.01986
 0.73333    0.06667    0.03921
 0.73333    0.10000    0.05757
 0.73333    0.13333    0.07452
 0.73333    0.16667    0.08972
 0.73333    0.20000    0.10291
 0.73333    0.23333    0.11389
 0.73333    0.26667    0.12259
 0.73333    0.30000    0.12901
 0.73333    0.33333    0.13322
 0.73333    0.36667    0.13537
 0.73333    0.40000    0.13565
 0.73333    0.43333    0.13429
 0.73333    0.46667    0.13155
 0.73333    0.50000    0.12766
 0.73333    0.53333    0.12288
 0.73333    0.56667    0.11742
 0.73333    0.60000    0.11150
 0.73333    0.63333    0.10527
 0.73333    0.66667    0.09888
 0.73333    0.70000    0.09242
 0.73333    0.73333    0.08595
 0.73333    0.76667    0.07947
 0.73333    0.80000    0.07291
 0.73333    0.83333    0.06610
 0.73333    0.86667    0.05869
 0.73333    0.90000    0.05004
 0.73333    0.93333    0.03900
 0.73333    0.96667    0.02354
 0.73333    1.00000    0.00000
 0.76667    0.00000    0.00000
 0.76667    0.03333    0.01728
 0.76667    0.06667    0.03416
 0.76667    0.10000    0.05025
 0.76667    0.13333    0.06521
 0.76667    0.16667    0.07875
 0.76667    0.20000    0.09066
 0.76667    0.23333    0.10076
 0.76667    0.26667    0.10898
 0.76667    0.30000    0.11530
 0.76667    0.33333    0.11976
 0.76667    0.36667    0.12244
 0.76667    0.40000    0.12351
 0.76667    0.43333    0.12311
 0.76667    0.46667    0.12145
 0.76667    0.50000    0.11872
 0.76667    0.53333    0.11511
 0.76667    0.56667    0.11081
 0.76667    0.60000    0.10599
 0.76667    0.63333    0.10080
 0.76667    0.66667    0.09535
 0.76667    0.70000    0.08973
 0.76667    0.73333    0.08400
 0.76667    0.76667    0.07816
 0.76667    0.80000    0.07213
 0.76667    0.83333    0.06574
 0.76667    0.86667    0.05864
 0.76667    0.90000    0.05018
 0.76667    0.93333    0.03923
 0.76667    0.96667    0.02372
 0.76667    1.00000    0.00000
 0.80000    0.00000    0.00000
 0.80000    0.03333    0.01477
 0.80000    0.06667    0.02923
 0.80000    0.10000    0.04306
 0.80000    0.13333    0.05599
 0.80000    0.16667    0.06780
 0.80000    0.20000    0.07830
 0.80000    0.23333    0.08735
 0.80000    0.26667    0.09487
 0.80000    0.30000    0.10083
 0.80000    0.33333    0.10525
 0.80000    0.36667    0.10819
 0.80000    0.40000    0.10974
 0.80000    0.43333    0.11003
 0.80000    0.46667    0.10921
 0.80000    0.50000    0.10741
 0.80000    0.53333    0.10480
 0.80000    0.56667    0.10152
 0.80000    0.60000    0.09772
 0.80000    0.63333    0.09350
 0.80000    0.66667    0.08899
 0.80000    0.70000    0.08424
 0.80000    0.73333    0.07931
 0.80000    0.76667    0.07418
 0.80000    0.80000    0.06880
 0.80000    0.83333    0.06298
 0.80000    0.86667    0.05640
 0.80000    0.90000    0.04842
 0.80000    0.93333    0.03794
 0.80000    0.96667    0.02298
 0.80000    1.00000    0.00000
 0.83333    0.00000    0.00000
 0.83333    0.03333    0.01230
 0.83333    0.06667    0.02435
 0.83333    0.10000    0.03592
 0.83333    0.13333    0.04680
 0.83333    0.16667    0.05680
 0.83333    0.20000    0.06577
 0.83333    0.23333    0.07360
 0.83333    0.26667    0.08021
 0.83333    0.30000    0.08558
 0.83333    0.33333    0.08971
 0.83333    0.36667    0.09262
 0.83333    0.40000    0.09440
 0.83333    0.43333    0.09511
 0.83333    0.46667    0.09488
 0.83333    0.50000    0.09380
 0.83333    0.53333    0.09200
 0.83333    0.56667    0.08959
 0.83333    0.60000    0.08669
 0.83333    0.63333    0.08338
 0.83333    0.66667    0.07975
 0.83333    0.70000    0.07587
 0.83333    0.73333    0.07176
 0.83333    0.76667    0.06742
 0.83333    0.80000    0.06279
 0.83333    0.83333    0.05769
 0.83333    0.86667    0.05183
 0.83333    0.90000    0.04462
 0.83333    0.93333    0.03503
 0.83333    0.96667    0.02124
 0.83333    1.00000    0.00000
 0.86667    0.00000    0.00000
 0.86667    0.03333    0.00984
 0.86667    0.06667    0.01950
 0.86667    0.10000    0.02880
 0.86667    0.13333    0.03757
 0.86667    0.16667    0.04568
 0.86667    0.20000    0.05301
 0.86667    0.23333    0.05947
 0.86667    0.26667    0.06500
 0.86667    0.30000    0.06957
 0.86667    0.33333    0.07317
 0.86667    0.36667    0.07583
 0.86667    0.40000    0.07757
 0.86667    0.43333    0.07847
 0.86667    0.46667    0.07860
 0.86667    0.50000    0.07804
 0.86667    0.53333    0.07686
 0.86667    0.56667    0.07517
 0.86667    0.60000    0.07304
 0.86667    0.63333    0.07055
 0.86667    0.66667    0.06775
 0.86667    0.70000    0.06471
 0.86667    0.73333    0.06143
 0.86667    0.76667    0.05793
 0.86667    0.80000    0.05412
 0.86667    0.83333    0.04988
 0.86667    0.86667    0.04493
 0.86667    0.90000    0.03877
 0.86667    0.93333    0.03049
 0.86667    0.96667    0.01851
 0.86667    1.00000    0.00000
 0.90000    0.00000    0.00000
 0.90000    0.03333    0.00739
 0.90000    0.06667    0.01465
 0.90000    0.10000    0.02165
 0.90000    0.13333    0.02828
 0.90000    0.16667    0.03443
 0.90000    0.20000    0.04002
 0.90000    0.23333    0.04499
 0.90000    0.26667    0.04928
 0.90000    0.30000    0.05287
 0.90000    0.33333    0.05575
 0.90000    0.36667    0.05794
 0.90000    0.40000    0.05945
 0.90000    0.43333    0.06032
 0.90000    0.46667    0.06061
 0.90000    0.50000    0.06037
 0.90000    0.53333    0.05966
 0.90000    0.56667    0.05853
 0.90000    0.60000    0.05706
 0.90000    0.63333    0.05529
 0.90000    0.66667    0.05326
 0.90000    0.70000    0.05103
 0.90000    0.73333    0.04859
 0.90000    0.76667    0.04594
 0.90000    0.80000    0.04303
 0.90000    0.83333    0.03975
 0.90000    0.86667    0.03588
 0.90000    0.90000    0.03101
 0.90000    0.93333    0.02441
 0.90000    0.96667    0.01483
 0.90000    1.00000    0.00000
 0.93333    0.00000    0.00000
 0.93333    0.03333    0.00493
 0.93333    0.06667    0.00978
 0.93333    0.10000    0.01446
 0.93333    0.13333    0.01891
 0.93333    0.16667    0.02304
 0.93333    0.20000    0.02682
 0.93333    0.23333    0.03019
 0.93333    0.26667    0.03312
 0.93333    0.30000    0.03560
 0.93333    0.33333    0.03761
 0.93333    0.36667    0.03916
 0.93333    0.40000    0.04026
 0.93333    0.43333    0.04094
 0.93333    0.46667    0.04123
 0.93333    0.50000    0.04116
 0.93333    0.53333    0.04077
 0.93333    0.56667    0.04009
 0.93333    0.60000    0.03917
 0.93333    0.63333    0.03804
 0.93333    0.66667    0.03673
 0.93333    0.70000    0.03526
 0.93333    0.73333    0.03365
 0.93333    0.76667    0.03188
 0.93333    0.80000    0.02991
 0.93333    0.83333    0.02768
 0.93333    0.86667    0.02502
 0.93333    0.90000    0.02164
 0.93333    0.93333    0.01706
 0.93333    0.96667    0.01037
 0.93333    1.00000    0.00000
 0.96667    0.00000    0.00000
 0.96667    0.03333    0.00247
 0.96667    0.06667    0.00490
 0.96667    0.10000    0.00724
 0.96667    0.13333    0.00947
 0.96667    0.16667    0.01155
 0.96667    0.20000    0.01345
 0.96667    0.23333    0.01516
 0.96667    0.26667    0.01664
 0.96667    0.30000    0.01791
 0.96667    0.33333    0.01894
 0.96667    0.36667    0.01974
 0.96667    0.40000    0.02032
 0.96667    0.43333    0.02070
 0.96667    0.46667    0.02087
 0.96667    0.50000    0.02086
 0.96667    0.53333    0.02069
 0.96667    0.56667    0.02038
 0.96667    0.60000    0.01994
 0.96667    0.63333    0.01939
 0.96667    0.66667    0.01874
 0.96667    0.70000    0.01802
 0.96667    0.73333    0.01721
 0.96667    0.76667    0.01633
 0.96667    0.80000    0.01534
 0.96667    0.83333    0.01421
 0.96667    0.86667    0.01285
 0.96667    0.90000    0.01113
 0.96667    0.93333    0.00877
 0.96667    0.96667    0.00533
 0.96667    1.00000    0.00000
 1.00000    0.00000    0.00000
 1.00000    0.03333    0.00000
 1.00000    0.06667    0.00000
 1.00000    0.10000    0.00000
 1.00000    0.13333    0.00000
 1.00000    0.16667    0.00000
 1.00000    0.20000    0.00000
 1.00000    0.23333    0.00000
 1.00000    0.26667    0.00000
 1.00000    0.30000    0.00000
 1.00000    0.33333    0.00000
 1.00000    0.36667    0.00000
 1.00000    0.40000    0.00000
 1.00000    0.43333    0.00000
 1.00000    0.46667    0.00000
 1.00000    0.50000    0.00000
 1.00000    0.53333    0.00000
 1.00000    0.56667    0.00000
 1.00000    0.60000    0.00000
 1.00000    0.63333    0.00000
 1.00000    0.66667    0.00000
 1.00000    0.70000    0.00000
 1.00000    0.73333    0.00000
 1.00000    0.76667    0.00000
 1.00000    0.80000    0.00000
 1.00000    0.83333    0.00000
 1.00000    0.86667    0.00000
 1.00000    0.90000    0.00000
 1.00000    0.93333    0.00000
 1.00000    0.96667    0.00000
 1.00000    1.00000    0.00000
