Fwd-Diff-2D results
Number of interior x-grid pts: N = 19
Number of interior y-grid pts: M = 19
Number of time steps: L = 100
Final time of simulation: t = 5.00000
Approximate solution at time t: x_i, y_j, u_ij
-1.00000   -1.00000    1.00000
-1.00000   -0.90000    1.00000
-1.00000   -0.80000    1.00000
-1.00000   -0.70000    1.00000
-1.00000   -0.60000    1.00000
-1.00000   -0.50000    1.00000
-1.00000   -0.40000    1.00000
-1.00000   -0.30000    1.00000
-1.00000   -0.20000    1.00000
-1.00000   -0.10000    1.00000
-1.00000    0.00000    1.00000
-1.00000    0.10000    1.00000
-1.00000    0.20000    1.00000
-1.00000    0.30000    1.00000
-1.00000    0.40000    1.00000
-1.00000    0.50000    1.00000
-1.00000    0.60000    1.00000
-1.00000    0.70000    1.00000
-1.00000    0.80000    1.00000
-1.00000    0.90000    1.00000
-1.00000    1.00000    1.00000
-0.90000   -1.00000    1.00000
-0.90000   -0.90000    0.99962
-0.90000   -0.80000    0.99811
-0.90000   -0.70000    0.99547
-0.90000   -0.60000    0.99232
-0.90000   -0.50000    0.98944
-0.90000   -0.40000    0.98741
-0.90000   -0.30000    0.98626
-0.90000   -0.20000    0.98507
-0.90000   -0.10000    0.98250
-0.90000    0.00000    0.97906
-0.90000    0.10000    0.97719
-0.90000    0.20000    0.97830
-0.90000    0.30000    0.98185
-0.90000    0.40000    0.98650
-0.90000    0.50000    0.99104
-0.90000    0.60000    0.99473
-0.90000    0.70000    0.99729
-0.90000    0.80000    0.99881
-0.90000    0.90000    0.99957
-0.90000    1.00000    1.00000
-0.80000   -1.00000    1.00000
-0.80000   -0.90000    0.99899
-0.80000   -0.80000    0.99613
-0.80000   -0.70000    0.99187
-0.80000   -0.60000    0.98734
-0.80000   -0.50000    0.98356
-0.80000   -0.40000    0.98099
-0.80000   -0.30000    0.97892
-0.80000   -0.20000    0.97433
-0.80000   -0.10000    0.96375
-0.80000    0.00000    0.95010
-0.80000    0.10000    0.94180
-0.80000    0.20000    0.94269
-0.80000    0.30000    0.95036
-0.80000    0.40000    0.96112
-0.80000    0.50000    0.97227
-0.80000    0.60000    0.98203
-0.80000    0.70000    0.98950
-0.80000    0.80000    0.99455
-0.80000    0.90000    0.99746
-0.80000    1.00000    1.00000
-0.70000   -1.00000    1.00000
-0.70000   -0.90000    0.99776
-0.70000   -0.80000    0.99278
-0.70000   -0.70000    0.98653
-0.70000   -0.60000    0.98087
-0.70000   -0.50000    0.97699
-0.70000   -0.40000    0.97488
-0.70000   -0.30000    0.97194
-0.70000   -0.20000    0.96053
-0.70000   -0.10000    0.93326
-0.70000    0.00000    0.89967
-0.70000    0.10000    0.88133
-0.70000    0.20000    0.88484
-0.70000    0.30000    0.90124
-0.70000    0.40000    0.92193
-0.70000    0.50000    0.94259
-0.70000    0.60000    0.96090
-0.70000    0.70000    0.97554
-0.70000    0.80000    0.98609
-0.70000    0.90000    0.99273
-0.70000    1.00000    1.00000
-0.60000   -1.00000    1.00000
-0.60000   -0.90000    0.99565
-0.60000   -0.80000    0.98789
-0.60000   -0.70000    0.97967
-0.60000   -0.60000    0.97349
-0.60000   -0.50000    0.97046
-0.60000   -0.40000    0.96959
-0.60000   -0.30000    0.96545
-0.60000   -0.20000    0.94406
-0.60000   -0.10000    0.89336
-0.60000    0.00000    0.83307
-0.60000    0.10000    0.80311
-0.60000    0.20000    0.81218
-0.60000    0.30000    0.84062
-0.60000    0.40000    0.87328
-0.60000    0.50000    0.90477
-0.60000    0.60000    0.93282
-0.60000    0.70000    0.95593
-0.60000    0.80000    0.97338
-0.60000    0.90000    0.98519
-0.60000    1.00000    1.00000
-0.50000   -1.00000    1.00000
-0.50000   -0.90000    0.99243
-0.50000   -0.80000    0.98144
-0.50000   -0.70000    0.97167
-0.50000   -0.60000    0.96597
-0.50000   -0.50000    0.96491
-0.50000   -0.40000    0.96635
-0.50000   -0.30000    0.96251
-0.50000   -0.20000    0.93548
-0.50000   -0.10000    0.87064
-0.50000    0.00000    0.79309
-0.50000    0.10000    0.75295
-0.50000    0.20000    0.76102
-0.50000    0.30000    0.79282
-0.50000    0.40000    0.83041
-0.50000    0.50000    0.86805
-0.50000    0.60000    0.90323
-0.50000    0.70000    0.93371
-0.50000    0.80000    0.95794
-0.50000    0.90000    0.97575
-0.50000    1.00000    1.00000
-0.40000   -1.00000    1.00000
-0.40000   -0.90000    0.98797
-0.40000   -0.80000    0.97366
-0.40000   -0.70000    0.96311
-0.40000   -0.60000    0.95898
-0.40000   -0.50000    0.96103
-0.40000   -0.40000    0.96620
-0.40000   -0.30000    0.96635
-0.40000   -0.20000    0.94503
-0.40000   -0.10000    0.88868
-0.40000    0.00000    0.81618
-0.40000    0.10000    0.76960
-0.40000    0.20000    0.76279
-0.40000    0.30000    0.78020
-0.40000    0.40000    0.80869
-0.40000    0.50000    0.84293
-0.40000    0.60000    0.87911
-0.40000    0.70000    0.91334
-0.40000    0.80000    0.94254
-0.40000    0.90000    0.96621
-0.40000    1.00000    1.00000
-0.30000   -1.00000    1.00000
-0.30000   -0.90000    0.98231
-0.30000   -0.80000    0.96496
-0.30000   -0.70000    0.95453
-0.30000   -0.60000    0.95284
-0.30000   -0.50000    0.95887
-0.30000   -0.40000    0.96905
-0.30000   -0.30000    0.97615
-0.30000   -0.20000    0.96791
-0.30000   -0.10000    0.93340
-0.30000    0.00000    0.88007
-0.30000    0.10000    0.83264
-0.30000    0.20000    0.80626
-0.30000    0.30000    0.80011
-0.30000    0.40000    0.81034
-0.30000    0.50000    0.83348
-0.30000    0.60000    0.86472
-0.30000    0.70000    0.89844
-0.30000    0.80000    0.92997
-0.30000    0.90000    0.95854
-0.30000    1.00000    1.00000
-0.20000   -1.00000    1.00000
-0.20000   -0.90000    0.97568
-0.20000   -0.80000    0.95590
-0.20000   -0.70000    0.94622
-0.20000   -0.60000    0.94731
-0.20000   -0.50000    0.95763
-0.20000   -0.40000    0.97350
-0.20000   -0.30000    0.98849
-0.20000   -0.20000    0.99332
-0.20000   -0.10000    0.97910
-0.20000    0.00000    0.94532
-0.20000    0.10000    0.90254
-0.20000    0.20000    0.86343
-0.20000    0.30000    0.83684
-0.20000    0.40000    0.82801
-0.20000    0.50000    0.83732
-0.20000    0.60000    0.86034
-0.20000    0.70000    0.89050
-0.20000    0.80000    0.92209
-0.20000    0.90000    0.95417
-0.20000    1.00000    1.00000
-0.10000   -1.00000    1.00000
-0.10000   -0.90000    0.96853
-0.10000   -0.80000    0.94701
-0.10000   -0.70000    0.93816
-0.10000   -0.60000    0.94155
-0.10000   -0.50000    0.95576
-0.10000   -0.40000    0.97741
-0.10000   -0.30000    1.00059
-0.10000   -0.20000    1.01736
-0.10000   -0.10000    1.01986
-0.10000    0.00000    1.00391
-0.10000    0.10000    0.97086
-0.10000    0.20000    0.92683
-0.10000    0.30000    0.88379
-0.10000    0.40000    0.85609
-0.10000    0.50000    0.85059
-0.10000    0.60000    0.86413
-0.10000    0.70000    0.88928
-0.10000    0.80000    0.91955
-0.10000    0.90000    0.95362
-0.10000    1.00000    1.00000
 0.00000   -1.00000    1.00000
 0.00000   -0.90000    0.96153
 0.00000   -0.80000    0.93888
 0.00000   -0.70000    0.93019
 0.00000   -0.60000    0.93447
 0.00000   -0.50000    0.95120
 0.00000   -0.40000    0.97792
 0.00000   -0.30000    1.00948
 0.00000   -0.20000    1.03895
 0.00000   -0.10000    1.05953
 0.00000    0.00000    1.06562
 0.00000    0.10000    1.05042
 0.00000    0.20000    1.00739
 0.00000    0.30000    0.94617
 0.00000    0.40000    0.89443
 0.00000    0.50000    0.87096
 0.00000    0.60000    0.87404
 0.00000    0.70000    0.89375
 0.00000    0.80000    0.92209
 0.00000    0.90000    0.95658
 0.00000    1.00000    1.00000
 0.10000   -1.00000    1.00000
 0.10000   -0.90000    0.95561
 0.10000   -0.80000    0.93226
 0.10000   -0.70000    0.92232
 0.10000   -0.60000    0.92518
 0.10000   -0.50000    0.94184
 0.10000   -0.40000    0.97135
 0.10000   -0.30000    1.00995
 0.10000   -0.20000    1.05225
 0.10000   -0.10000    1.09319
 0.10000    0.00000    1.12702
 0.10000    0.10000    1.13811
 0.10000    0.20000    1.10146
 0.10000    0.30000    1.01991
 0.10000    0.40000    0.93904
 0.10000    0.50000    0.89511
 0.10000    0.60000    0.88777
 0.10000    0.70000    0.90256
 0.10000    0.80000    0.92886
 0.10000    0.90000    0.96217
 0.10000    1.00000    1.00000
 0.20000   -1.00000    1.00000
 0.20000   -0.90000    0.95192
 0.20000   -0.80000    0.92814
 0.20000   -0.70000    0.91527
 0.20000   -0.60000    0.91381
 0.20000   -0.50000    0.92654
 0.20000   -0.40000    0.95426
 0.20000   -0.30000    0.99498
 0.20000   -0.20000    1.04499
 0.20000   -0.10000    1.10059
 0.20000    0.00000    1.15556
 0.20000    0.10000    1.18803
 0.20000    0.20000    1.16017
 0.20000    0.30000    1.06909
 0.20000    0.40000    0.97143
 0.20000    0.50000    0.91556
 0.20000    0.60000    0.90229
 0.20000    0.70000    0.91414
 0.20000    0.80000    0.93859
 0.20000    0.90000    0.96927
 0.20000    1.00000    1.00000
 0.30000   -1.00000    1.00000
 0.30000   -0.90000    0.95162
 0.30000   -0.80000    0.92780
 0.30000   -0.70000    0.91075
 0.30000   -0.60000    0.90236
 0.30000   -0.50000    0.90676
 0.30000   -0.40000    0.92623
 0.30000   -0.30000    0.96031
 0.30000   -0.20000    1.00628
 0.30000   -0.10000    1.06016
 0.30000    0.00000    1.11452
 0.30000    0.10000    1.14886
 0.30000    0.20000    1.13067
 0.30000    0.30000    1.05667
 0.30000    0.40000    0.97426
 0.30000    0.50000    0.92635
 0.30000    0.60000    0.91552
 0.30000    0.70000    0.92718
 0.30000    0.80000    0.94995
 0.30000    0.90000    0.97676
 0.30000    1.00000    1.00000
 0.40000   -1.00000    1.00000
 0.40000   -0.90000    0.95555
 0.40000   -0.80000    0.93251
 0.40000   -0.70000    0.91132
 0.40000   -0.60000    0.89492
 0.40000   -0.50000    0.88783
 0.40000   -0.40000    0.89315
 0.40000   -0.30000    0.91133
 0.40000   -0.20000    0.93993
 0.40000   -0.10000    0.97404
 0.40000    0.00000    1.00638
 0.40000    0.10000    1.02645
 0.40000    0.20000    1.02209
 0.40000    0.30000    0.99138
 0.40000    0.40000    0.95305
 0.40000    0.50000    0.92980
 0.40000    0.60000    0.92776
 0.40000    0.70000    0.94088
 0.40000    0.80000    0.96167
 0.40000    0.90000    0.98372
 0.40000    1.00000    1.00000
 0.50000   -1.00000    1.00000
 0.50000   -0.90000    0.96364
 0.50000   -0.80000    0.94277
 0.50000   -0.70000    0.91937
 0.50000   -0.60000    0.89648
 0.50000   -0.50000    0.87809
 0.50000   -0.40000    0.86731
 0.50000   -0.30000    0.86503
 0.50000   -0.20000    0.86904
 0.50000   -0.10000    0.87433
 0.50000    0.00000    0.87617
 0.50000    0.10000    0.87810
 0.50000    0.20000    0.89142
 0.50000    0.30000    0.91343
 0.50000    0.40000    0.92750
 0.50000    0.50000    0.93272
 0.50000    0.60000    0.94033
 0.50000    0.70000    0.95460
 0.50000    0.80000    0.97265
 0.50000    0.90000    0.98953
 0.50000    1.00000    1.00000
 0.60000   -1.00000    1.00000
 0.60000   -0.90000    0.97451
 0.60000   -0.80000    0.95758
 0.60000   -0.70000    0.93544
 0.60000   -0.60000    0.91026
 0.60000   -0.50000    0.88488
 0.60000   -0.40000    0.86198
 0.60000   -0.30000    0.84278
 0.60000   -0.20000    0.82604
 0.60000   -0.10000    0.80834
 0.60000    0.00000    0.78886
 0.60000    0.10000    0.78113
 0.60000    0.20000    0.80951
 0.60000    0.30000    0.86811
 0.60000    0.40000    0.91696
 0.60000    0.50000    0.94050
 0.60000    0.60000    0.95370
 0.60000    0.70000    0.96748
 0.60000    0.80000    0.98201
 0.60000    0.90000    0.99390
 0.60000    1.00000    1.00000
 0.70000   -1.00000    1.00000
 0.70000   -0.90000    0.98566
 0.70000   -0.80000    0.97406
 0.70000   -0.70000    0.95687
 0.70000   -0.60000    0.93486
 0.70000   -0.50000    0.90951
 0.70000   -0.40000    0.88283
 0.70000   -0.30000    0.85653
 0.70000   -0.20000    0.83121
 0.70000   -0.10000    0.80660
 0.70000    0.00000    0.78539
 0.70000    0.10000    0.78168
 0.70000    0.20000    0.81551
 0.70000    0.30000    0.87752
 0.70000    0.40000    0.92863
 0.70000    0.50000    0.95381
 0.70000    0.60000    0.96698
 0.70000    0.70000    0.97857
 0.70000    0.80000    0.98924
 0.70000    0.90000    0.99683
 0.70000    1.00000    1.00000
 0.80000   -1.00000    1.00000
 0.80000   -0.90000    0.99433
 0.80000   -0.80000    0.98831
 0.80000   -0.70000    0.97823
 0.80000   -0.60000    0.96371
 0.80000   -0.50000    0.94498
 0.80000   -0.40000    0.92312
 0.80000   -0.30000    0.89986
 0.80000   -0.20000    0.87715
 0.80000   -0.10000    0.85731
 0.80000    0.00000    0.84454
 0.80000    0.10000    0.84771
 0.80000    0.20000    0.87532
 0.80000    0.30000    0.91776
 0.80000    0.40000    0.95129
 0.80000    0.50000    0.96854
 0.80000    0.60000    0.97858
 0.80000    0.70000    0.98716
 0.80000    0.80000    0.99423
 0.80000    0.90000    0.99858
 0.80000    1.00000    1.00000
 0.90000   -1.00000    1.00000
 0.90000   -0.90000    0.99893
 0.90000   -0.80000    0.99714
 0.90000   -0.70000    0.99364
 0.90000   -0.60000    0.98777
 0.90000   -0.50000    0.97912
 0.90000   -0.40000    0.96773
 0.90000   -0.30000    0.95434
 0.90000   -0.20000    0.94041
 0.90000   -0.10000    0.92822
 0.90000    0.00000    0.92109
 0.90000    0.10000    0.92333
 0.90000    0.20000    0.93714
 0.90000    0.30000    0.95674
 0.90000    0.40000    0.97208
 0.90000    0.50000    0.98092
 0.90000    0.60000    0.98727
 0.90000    0.70000    0.99292
 0.90000    0.80000    0.99720
 0.90000    0.90000    0.99947
 0.90000    1.00000    1.00000
 1.00000   -1.00000    1.00000
 1.00000   -0.90000    1.00000
 1.00000   -0.80000    1.00000
 1.00000   -0.70000    1.00000
 1.00000   -0.60000    1.00000
 1.00000   -0.50000    1.00000
 1.00000   -0.40000    1.00000
 1.00000   -0.30000    1.00000
 1.00000   -0.20000    1.00000
 1.00000   -0.10000    1.00000
 1.00000    0.00000    1.00000
 1.00000    0.10000    1.00000
 1.00000    0.20000    1.00000
 1.00000    0.30000    1.00000
 1.00000    0.40000    1.00000
 1.00000    0.50000    1.00000
 1.00000    0.60000    1.00000
 1.00000    0.70000    1.00000
 1.00000    0.80000    1.00000
 1.00000    0.90000    1.00000
 1.00000    1.00000    1.00000
