Fwd-Diff-2D results
Number of interior x-grid pts: N = 29
Number of interior y-grid pts: M = 29
Number of time steps: L = 125
Final time of simulation: t = 5.00000
Approximate solution at time t: x_i, y_j, u_ij
-1.00000   -1.00000    1.00000
-1.00000   -0.93333    1.00000
-1.00000   -0.86667    1.00000
-1.00000   -0.80000    1.00000
-1.00000   -0.73333    1.00000
-1.00000   -0.66667    1.00000
-1.00000   -0.60000    1.00000
-1.00000   -0.53333    1.00000
-1.00000   -0.46667    1.00000
-1.00000   -0.40000    1.00000
-1.00000   -0.33333    1.00000
-1.00000   -0.26667    1.00000
-1.00000   -0.20000    1.00000
-1.00000   -0.13333    1.00000
-1.00000   -0.06667    1.00000
-1.00000    0.00000    1.00000
-1.00000    0.06667    1.00000
-1.00000    0.13333    1.00000
-1.00000    0.20000    1.00000
-1.00000    0.26667    1.00000
-1.00000    0.33333    1.00000
-1.00000    0.40000    1.00000
-1.00000    0.46667    1.00000
-1.00000    0.53333    1.00000
-1.00000    0.60000    1.00000
-1.00000    0.66667    1.00000
-1.00000    0.73333    1.00000
-1.00000    0.80000    1.00000
-1.00000    0.86667    1.00000
-1.00000    0.93333    1.00000
-1.00000    1.00000    1.00000
-0.93333   -1.00000    1.00000
-0.93333   -0.93333    0.99989
-0.93333   -0.86667    0.99951
-0.93333   -0.80000    0.99875
-0.93333   -0.73333    0.99760
-0.93333   -0.66667    0.99616
-0.93333   -0.60000    0.99458
-0.93333   -0.53333    0.99305
-0.93333   -0.46667    0.99173
-0.93333   -0.40000    0.99071
-0.93333   -0.33333    0.99001
-0.93333   -0.26667    0.98949
-0.93333   -0.20000    0.98897
-0.93333   -0.13333    0.98825
-0.93333   -0.06667    0.98732
-0.93333    0.00000    0.98638
-0.93333    0.06667    0.98581
-0.93333    0.13333    0.98591
-0.93333    0.20000    0.98676
-0.93333    0.26667    0.98824
-0.93333    0.33333    0.99012
-0.93333    0.40000    0.99212
-0.93333    0.46667    0.99405
-0.93333    0.53333    0.99573
-0.93333    0.60000    0.99710
-0.93333    0.66667    0.99814
-0.93333    0.73333    0.99888
-0.93333    0.80000    0.99936
-0.93333    0.86667    0.99967
-0.93333    0.93333    0.99984
-0.93333    1.00000    1.00000
-0.86667   -1.00000    1.00000
-0.86667   -0.93333    0.99977
-0.86667   -0.86667    0.99908
-0.86667   -0.80000    0.99781
-0.86667   -0.73333    0.99599
-0.86667   -0.66667    0.99378
-0.86667   -0.60000    0.99141
-0.86667   -0.53333    0.98912
-0.86667   -0.46667    0.98713
-0.86667   -0.40000    0.98550
-0.86667   -0.33333    0.98415
-0.86667   -0.26667    0.98280
-0.86667   -0.20000    0.98096
-0.86667   -0.13333    0.97825
-0.86667   -0.06667    0.97472
-0.86667    0.00000    0.97108
-0.86667    0.06667    0.96837
-0.86667    0.13333    0.96740
-0.86667    0.20000    0.96839
-0.86667    0.26667    0.97105
-0.86667    0.33333    0.97484
-0.86667    0.40000    0.97918
-0.86667    0.46667    0.98356
-0.86667    0.53333    0.98763
-0.86667    0.60000    0.99113
-0.86667    0.66667    0.99395
-0.86667    0.73333    0.99609
-0.86667    0.80000    0.99761
-0.86667    0.86667    0.99862
-0.86667    0.93333    0.99926
-0.86667    1.00000    1.00000
-0.80000   -1.00000    1.00000
-0.80000   -0.93333    0.99955
-0.80000   -0.86667    0.99839
-0.80000   -0.80000    0.99643
-0.80000   -0.73333    0.99382
-0.80000   -0.66667    0.99084
-0.80000   -0.60000    0.98783
-0.80000   -0.53333    0.98510
-0.80000   -0.46667    0.98283
-0.80000   -0.40000    0.98098
-0.80000   -0.33333    0.97927
-0.80000   -0.26667    0.97696
-0.80000   -0.20000    0.97307
-0.80000   -0.13333    0.96683
-0.80000   -0.06667    0.95860
-0.80000    0.00000    0.95014
-0.80000    0.06667    0.94382
-0.80000    0.13333    0.94123
-0.80000    0.20000    0.94254
-0.80000    0.26667    0.94694
-0.80000    0.33333    0.95331
-0.80000    0.40000    0.96065
-0.80000    0.46667    0.96818
-0.80000    0.53333    0.97532
-0.80000    0.60000    0.98166
-0.80000    0.66667    0.98697
-0.80000    0.73333    0.99116
-0.80000    0.80000    0.99430
-0.80000    0.86667    0.99651
-0.80000    0.93333    0.99801
-0.80000    1.00000    1.00000
-0.73333   -1.00000    1.00000
-0.73333   -0.93333    0.99919
-0.73333   -0.86667    0.99734
-0.73333   -0.80000    0.99447
-0.73333   -0.73333    0.99092
-0.73333   -0.66667    0.98715
-0.73333   -0.60000    0.98361
-0.73333   -0.53333    0.98063
-0.73333   -0.46667    0.97834
-0.73333   -0.40000    0.97654
-0.73333   -0.33333    0.97451
-0.73333   -0.26667    0.97084
-0.73333   -0.20000    0.96362
-0.73333   -0.13333    0.95156
-0.73333   -0.06667    0.93565
-0.73333    0.00000    0.91969
-0.73333    0.06667    0.90828
-0.73333    0.13333    0.90410
-0.73333    0.20000    0.90681
-0.73333    0.26667    0.91440
-0.73333    0.33333    0.92472
-0.73333    0.40000    0.93618
-0.73333    0.46667    0.94775
-0.73333    0.53333    0.95871
-0.73333    0.60000    0.96856
-0.73333    0.66667    0.97699
-0.73333    0.73333    0.98385
-0.73333    0.80000    0.98916
-0.73333    0.86667    0.99307
-0.73333    0.93333    0.99591
-0.73333    1.00000    1.00000
-0.66667   -1.00000    1.00000
-0.66667   -0.93333    0.99862
-0.66667   -0.86667    0.99582
-0.66667   -0.80000    0.99183
-0.66667   -0.73333    0.98725
-0.66667   -0.66667    0.98273
-0.66667   -0.60000    0.97883
-0.66667   -0.53333    0.97587
-0.66667   -0.46667    0.97385
-0.66667   -0.40000    0.97229
-0.66667   -0.33333    0.96994
-0.66667   -0.26667    0.96437
-0.66667   -0.20000    0.95241
-0.66667   -0.13333    0.93207
-0.66667   -0.06667    0.90546
-0.66667    0.00000    0.87940
-0.66667    0.06667    0.86175
-0.66667    0.13333    0.85639
-0.66667    0.20000    0.86192
-0.66667    0.26667    0.87433
-0.66667    0.33333    0.88996
-0.66667    0.40000    0.90656
-0.66667    0.46667    0.92291
-0.66667    0.53333    0.93829
-0.66667    0.60000    0.95217
-0.66667    0.66667    0.96421
-0.66667    0.73333    0.97421
-0.66667    0.80000    0.98216
-0.66667    0.86667    0.98822
-0.66667    0.93333    0.99289
-0.66667    1.00000    1.00000
-0.60000   -1.00000    1.00000
-0.60000   -0.93333    0.99779
-0.60000   -0.86667    0.99374
-0.60000   -0.80000    0.98845
-0.60000   -0.73333    0.98282
-0.60000   -0.66667    0.97771
-0.60000   -0.60000    0.97371
-0.60000   -0.53333    0.97108
-0.60000   -0.46667    0.96966
-0.60000   -0.40000    0.96863
-0.60000   -0.33333    0.96608
-0.60000   -0.26667    0.95850
-0.60000   -0.20000    0.94133
-0.60000   -0.13333    0.91187
-0.60000   -0.06667    0.87352
-0.60000    0.00000    0.83653
-0.60000    0.06667    0.81228
-0.60000    0.13333    0.80588
-0.60000    0.20000    0.81454
-0.60000    0.26667    0.83198
-0.60000    0.33333    0.85297
-0.60000    0.40000    0.87464
-0.60000    0.46667    0.89571
-0.60000    0.53333    0.91548
-0.60000    0.60000    0.93346
-0.60000    0.66667    0.94927
-0.60000    0.73333    0.96264
-0.60000    0.80000    0.97352
-0.60000    0.86667    0.98205
-0.60000    0.93333    0.98905
-0.60000    1.00000    1.00000
-0.53333   -1.00000    1.00000
-0.53333   -0.93333    0.99661
-0.53333   -0.86667    0.99103
-0.53333   -0.80000    0.98433
-0.53333   -0.73333    0.97774
-0.53333   -0.66667    0.97226
-0.53333   -0.60000    0.96849
-0.53333   -0.53333    0.96657
-0.53333   -0.46667    0.96612
-0.53333   -0.40000    0.96601
-0.53333   -0.33333    0.96376
-0.53333   -0.26667    0.95503
-0.53333   -0.20000    0.93420
-0.53333   -0.13333    0.89807
-0.53333   -0.06667    0.85092
-0.53333    0.00000    0.80539
-0.53333    0.06667    0.77538
-0.53333    0.13333    0.76696
-0.53333    0.20000    0.77653
-0.53333    0.26667    0.79638
-0.53333    0.33333    0.82030
-0.53333    0.40000    0.84510
-0.53333    0.46667    0.86944
-0.53333    0.53333    0.89262
-0.53333    0.60000    0.91407
-0.53333    0.66667    0.93328
-0.53333    0.73333    0.94989
-0.53333    0.80000    0.96371
-0.53333    0.86667    0.97489
-0.53333    0.93333    0.98463
-0.53333    1.00000    1.00000
-0.46667   -1.00000    1.00000
-0.46667   -0.93333    0.99504
-0.46667   -0.86667    0.98765
-0.46667   -0.80000    0.97950
-0.46667   -0.73333    0.97213
-0.46667   -0.66667    0.96661
-0.46667   -0.60000    0.96344
-0.46667   -0.53333    0.96260
-0.46667   -0.46667    0.96352
-0.46667   -0.40000    0.96480
-0.46667   -0.33333    0.96373
-0.46667   -0.26667    0.95563
-0.46667   -0.20000    0.93466
-0.46667   -0.13333    0.89738
-0.46667   -0.06667    0.84800
-0.46667    0.00000    0.79925
-0.46667    0.06667    0.76538
-0.46667    0.13333    0.75299
-0.46667    0.20000    0.75903
-0.46667    0.26667    0.77618
-0.46667    0.33333    0.79848
-0.46667    0.40000    0.82279
-0.46667    0.46667    0.84770
-0.46667    0.53333    0.87234
-0.46667    0.60000    0.89592
-0.46667    0.66667    0.91767
-0.46667    0.73333    0.93697
-0.46667    0.80000    0.95347
-0.46667    0.86667    0.96726
-0.46667    0.93333    0.97999
-0.46667    1.00000    1.00000
-0.40000   -1.00000    1.00000
-0.40000   -0.93333    0.99301
-0.40000   -0.86667    0.98362
-0.40000   -0.80000    0.97409
-0.40000   -0.73333    0.96619
-0.40000   -0.66667    0.96095
-0.40000   -0.60000    0.95872
-0.40000   -0.53333    0.95931
-0.40000   -0.46667    0.96196
-0.40000   -0.40000    0.96517
-0.40000   -0.33333    0.96622
-0.40000   -0.26667    0.96078
-0.40000   -0.20000    0.94349
-0.40000   -0.13333    0.91106
-0.40000   -0.06667    0.86657
-0.40000    0.00000    0.82051
-0.40000    0.06667    0.78523
-0.40000    0.13333    0.76733
-0.40000    0.20000    0.76558
-0.40000    0.26667    0.77491
-0.40000    0.33333    0.79080
-0.40000    0.40000    0.81067
-0.40000    0.46667    0.83306
-0.40000    0.53333    0.85682
-0.40000    0.60000    0.88078
-0.40000    0.66667    0.90381
-0.40000    0.73333    0.92495
-0.40000    0.80000    0.94359
-0.40000    0.86667    0.95979
-0.40000    0.93333    0.97558
-0.40000    1.00000    1.00000
-0.33333   -1.00000    1.00000
-0.33333   -0.93333    0.99053
-0.33333   -0.86667    0.97900
-0.33333   -0.80000    0.96825
-0.33333   -0.73333    0.96010
-0.33333   -0.66667    0.95544
-0.33333   -0.60000    0.95443
-0.33333   -0.53333    0.95671
-0.33333   -0.46667    0.96139
-0.33333   -0.40000    0.96694
-0.33333   -0.33333    0.97085
-0.33333   -0.26667    0.96942
-0.33333   -0.20000    0.95823
-0.33333   -0.13333    0.93426
-0.33333   -0.06667    0.89906
-0.33333    0.00000    0.85970
-0.33333    0.06667    0.82535
-0.33333    0.13333    0.80209
-0.33333    0.20000    0.79089
-0.33333    0.26667    0.78974
-0.33333    0.33333    0.79631
-0.33333    0.40000    0.80895
-0.33333    0.46667    0.82635
-0.33333    0.53333    0.84713
-0.33333    0.60000    0.86977
-0.33333    0.66667    0.89275
-0.33333    0.73333    0.91473
-0.33333    0.80000    0.93485
-0.33333    0.86667    0.95309
-0.33333    0.93333    0.97183
-0.33333    1.00000    1.00000
-0.26667   -1.00000    1.00000
-0.26667   -0.93333    0.98759
-0.26667   -0.86667    0.97390
-0.26667   -0.80000    0.96215
-0.26667   -0.73333    0.95401
-0.26667   -0.66667    0.95015
-0.26667   -0.60000    0.95053
-0.26667   -0.53333    0.95465
-0.26667   -0.46667    0.96155
-0.26667   -0.40000    0.96970
-0.26667   -0.33333    0.97685
-0.26667   -0.26667    0.97992
-0.26667   -0.20000    0.97535
-0.26667   -0.13333    0.96046
-0.26667   -0.06667    0.93540
-0.26667    0.00000    0.90404
-0.26667    0.06667    0.87237
-0.26667    0.13333    0.84550
-0.26667    0.20000    0.82606
-0.26667    0.26667    0.81475
-0.26667    0.33333    0.81147
-0.26667    0.40000    0.81579
-0.26667    0.46667    0.82686
-0.26667    0.53333    0.84327
-0.26667    0.60000    0.86328
-0.26667    0.66667    0.88506
-0.26667    0.73333    0.90695
-0.26667    0.80000    0.92785
-0.26667    0.86667    0.94773
-0.26667    0.93333    0.96907
-0.26667    1.00000    1.00000
-0.20000   -1.00000    1.00000
-0.20000   -0.93333    0.98426
-0.20000   -0.86667    0.96850
-0.20000   -0.80000    0.95598
-0.20000   -0.73333    0.94805
-0.20000   -0.66667    0.94506
-0.20000   -0.60000    0.94682
-0.20000   -0.53333    0.95279
-0.20000   -0.46667    0.96198
-0.20000   -0.40000    0.97289
-0.20000   -0.33333    0.98344
-0.20000   -0.26667    0.99099
-0.20000   -0.20000    0.99257
-0.20000   -0.13333    0.98574
-0.20000   -0.06667    0.96971
-0.20000    0.00000    0.94605
-0.20000    0.06667    0.91817
-0.20000    0.13333    0.88997
-0.20000    0.20000    0.86477
-0.20000    0.26667    0.84510
-0.20000    0.33333    0.83282
-0.20000    0.40000    0.82888
-0.20000    0.46667    0.83315
-0.20000    0.53333    0.84449
-0.20000    0.60000    0.86107
-0.20000    0.66667    0.88084
-0.20000    0.73333    0.90191
-0.20000    0.80000    0.92302
-0.20000    0.86667    0.94409
-0.20000    0.93333    0.96754
-0.20000    1.00000    1.00000
-0.13333   -1.00000    1.00000
-0.13333   -0.93333    0.98064
-0.13333   -0.86667    0.96299
-0.13333   -0.80000    0.94993
-0.13333   -0.73333    0.94227
-0.13333   -0.66667    0.94005
-0.13333   -0.60000    0.94304
-0.13333   -0.53333    0.95071
-0.13333   -0.46667    0.96212
-0.13333   -0.40000    0.97583
-0.13333   -0.33333    0.98987
-0.13333   -0.26667    1.00185
-0.13333   -0.20000    1.00914
-0.13333   -0.13333    1.00945
-0.13333   -0.06667    1.00143
-0.13333    0.00000    0.98515
-0.13333    0.06667    0.96209
-0.13333    0.13333    0.93464
-0.13333    0.20000    0.90589
-0.13333    0.26667    0.87942
-0.13333    0.33333    0.85880
-0.13333    0.40000    0.84666
-0.13333    0.46667    0.84393
-0.13333    0.53333    0.84985
-0.13333    0.60000    0.86257
-0.13333    0.66667    0.87986
-0.13333    0.73333    0.89964
-0.13333    0.80000    0.92052
-0.13333    0.86667    0.94239
-0.13333    0.93333    0.96730
-0.13333    1.00000    1.00000
-0.06667   -1.00000    1.00000
-0.06667   -0.93333    0.97688
-0.06667   -0.86667    0.95762
-0.06667   -0.80000    0.94419
-0.06667   -0.73333    0.93671
-0.06667   -0.66667    0.93499
-0.06667   -0.60000    0.93883
-0.06667   -0.53333    0.94785
-0.06667   -0.46667    0.96125
-0.06667   -0.40000    0.97767
-0.06667   -0.33333    0.99527
-0.06667   -0.26667    1.01180
-0.06667   -0.20000    1.02487
-0.06667   -0.13333    1.03229
-0.06667   -0.06667    1.03242
-0.06667    0.00000    1.02434
-0.06667    0.06667    1.00775
-0.06667    0.13333    0.98311
-0.06667    0.20000    0.95231
-0.06667    0.26667    0.91940
-0.06667    0.33333    0.88991
-0.06667    0.40000    0.86875
-0.06667    0.46667    0.85837
-0.06667    0.53333    0.85851
-0.06667    0.60000    0.86714
-0.06667    0.66667    0.88174
-0.06667    0.73333    0.89998
-0.06667    0.80000    0.92036
-0.06667    0.86667    0.94263
-0.06667    0.93333    0.96830
-0.06667    1.00000    1.00000
 0.00000   -1.00000    1.00000
 0.00000   -0.93333    0.97318
 0.00000   -0.86667    0.95267
 0.00000   -0.80000    0.93896
 0.00000   -0.73333    0.93141
 0.00000   -0.66667    0.92973
 0.00000   -0.60000    0.93387
 0.00000   -0.53333    0.94369
 0.00000   -0.46667    0.95859
 0.00000   -0.40000    0.97741
 0.00000   -0.33333    0.99846
 0.00000   -0.26667    1.01968
 0.00000   -0.20000    1.03891
 0.00000   -0.13333    1.05415
 0.00000   -0.06667    1.06368
 0.00000    0.00000    1.06578
 0.00000    0.06667    1.05826
 0.00000    0.13333    1.03880
 0.00000    0.20000    1.00705
 0.00000    0.26667    0.96710
 0.00000    0.33333    0.92702
 0.00000    0.40000    0.89507
 0.00000    0.46667    0.87589
 0.00000    0.53333    0.86972
 0.00000    0.60000    0.87414
 0.00000    0.66667    0.88601
 0.00000    0.73333    0.90267
 0.00000    0.80000    0.92239
 0.00000    0.86667    0.94471
 0.00000    0.93333    0.97037
 0.00000    1.00000    1.00000
 0.06667   -1.00000    1.00000
 0.06667   -0.93333    0.96981
 0.06667   -0.86667    0.94846
 0.06667   -0.80000    0.93447
 0.06667   -0.73333    0.92648
 0.06667   -0.66667    0.92423
 0.06667   -0.60000    0.92793
 0.06667   -0.53333    0.93774
 0.06667   -0.46667    0.95336
 0.06667   -0.40000    0.97390
 0.06667   -0.33333    0.99791
 0.06667   -0.26667    1.02361
 0.06667   -0.20000    1.04912
 0.06667   -0.13333    1.07278
 0.06667   -0.06667    1.09296
 0.06667    0.00000    1.10725
 0.06667    0.06667    1.11131
 0.06667    0.13333    1.09929
 0.06667    0.20000    1.06769
 0.06667    0.26667    1.02027
 0.06667    0.33333    0.96820
 0.06667    0.40000    0.92404
 0.06667    0.46667    0.89522
 0.06667    0.53333    0.88254
 0.06667    0.60000    0.88285
 0.06667    0.66667    0.89219
 0.06667    0.73333    0.90736
 0.06667    0.80000    0.92635
 0.06667    0.86667    0.94835
 0.06667    0.93333    0.97325
 0.06667    1.00000    1.00000
 0.13333   -1.00000    1.00000
 0.13333   -0.93333    0.96704
 0.13333   -0.86667    0.94532
 0.13333   -0.80000    0.93099
 0.13333   -0.73333    0.92213
 0.13333   -0.66667    0.91862
 0.13333   -0.60000    0.92099
 0.13333   -0.53333    0.92977
 0.13333   -0.46667    0.94499
 0.13333   -0.40000    0.96608
 0.13333   -0.33333    0.99193
 0.13333   -0.26667    1.02109
 0.13333   -0.20000    1.05206
 0.13333   -0.13333    1.08349
 0.13333   -0.06667    1.11391
 0.13333    0.00000    1.14031
 0.13333    0.06667    1.15629
 0.13333    0.13333    1.15251
 0.13333    0.20000    1.12225
 0.13333    0.26667    1.06876
 0.13333    0.33333    1.00613
 0.13333    0.40000    0.95109
 0.13333    0.46667    0.91380
 0.13333    0.53333    0.89555
 0.13333    0.60000    0.89248
 0.13333    0.66667    0.89976
 0.13333    0.73333    0.91368
 0.13333    0.80000    0.93191
 0.13333    0.86667    0.95322
 0.13333    0.93333    0.97667
 0.13333    1.00000    1.00000
 0.20000   -1.00000    1.00000
 0.20000   -0.93333    0.96521
 0.20000   -0.86667    0.94360
 0.20000   -0.80000    0.92887
 0.20000   -0.73333    0.91872
 0.20000   -0.66667    0.91327
 0.20000   -0.60000    0.91340
 0.20000   -0.53333    0.91995
 0.20000   -0.46667    0.93332
 0.20000   -0.40000    0.95329
 0.20000   -0.33333    0.97911
 0.20000   -0.26667    1.00968
 0.20000   -0.20000    1.04378
 0.20000   -0.13333    1.08031
 0.20000   -0.06667    1.11775
 0.20000    0.00000    1.15260
 0.20000    0.06667    1.17713
 0.20000    0.13333    1.17993
 0.20000    0.20000    1.15236
 0.20000    0.26667    1.09722
 0.20000    0.33333    1.03005
 0.20000    0.40000    0.96983
 0.20000    0.46667    0.92830
 0.20000    0.53333    0.90714
 0.20000    0.60000    0.90220
 0.20000    0.66667    0.90823
 0.20000    0.73333    0.92124
 0.20000    0.80000    0.93868
 0.20000    0.86667    0.95892
 0.20000    0.93333    0.98034
 0.20000    1.00000    1.00000
 0.26667   -1.00000    1.00000
 0.26667   -0.93333    0.96458
 0.26667   -0.86667    0.94362
 0.26667   -0.80000    0.92847
 0.26667   -0.73333    0.91676
 0.26667   -0.66667    0.90884
 0.26667   -0.60000    0.90589
 0.26667   -0.53333    0.90901
 0.26667   -0.46667    0.91891
 0.26667   -0.40000    0.93573
 0.26667   -0.33333    0.95904
 0.26667   -0.26667    0.98800
 0.26667   -0.20000    1.02156
 0.26667   -0.13333    1.05857
 0.26667   -0.06667    1.09731
 0.26667    0.00000    1.13402
 0.26667    0.06667    1.16096
 0.26667    0.13333    1.16707
 0.26667    0.20000    1.14400
 0.26667    0.26667    1.09417
 0.26667    0.33333    1.03208
 0.26667    0.40000    0.97570
 0.26667    0.46667    0.93643
 0.26667    0.53333    0.91625
 0.26667    0.60000    0.91146
 0.26667    0.66667    0.91721
 0.26667    0.73333    0.92966
 0.26667    0.80000    0.94624
 0.26667    0.86667    0.96505
 0.26667    0.93333    0.98401
 0.26667    1.00000    1.00000
 0.33333   -1.00000    1.00000
 0.33333   -0.93333    0.96540
 0.33333   -0.86667    0.94561
 0.33333   -0.80000    0.93017
 0.33333   -0.73333    0.91684
 0.33333   -0.66667    0.90621
 0.33333   -0.60000    0.89959
 0.33333   -0.53333    0.89829
 0.33333   -0.46667    0.90325
 0.33333   -0.40000    0.91486
 0.33333   -0.33333    0.93296
 0.33333   -0.26667    0.95687
 0.33333   -0.20000    0.98556
 0.33333   -0.13333    1.01768
 0.33333   -0.06667    1.05123
 0.33333    0.00000    1.08269
 0.33333    0.06667    1.10581
 0.33333    0.13333    1.11235
 0.33333    0.20000    1.09624
 0.33333    0.26667    1.05931
 0.33333    0.33333    1.01229
 0.33333    0.40000    0.96887
 0.33333    0.46667    0.93832
 0.33333    0.53333    0.92288
 0.33333    0.60000    0.92015
 0.33333    0.66667    0.92645
 0.33333    0.73333    0.93860
 0.33333    0.80000    0.95419
 0.33333    0.86667    0.97123
 0.33333    0.93333    0.98746
 0.33333    1.00000    1.00000
 0.40000   -1.00000    1.00000
 0.40000   -0.93333    0.96774
 0.40000   -0.86667    0.94964
 0.40000   -0.80000    0.93422
 0.40000   -0.73333    0.91955
 0.40000   -0.66667    0.90633
 0.40000   -0.60000    0.89593
 0.40000   -0.53333    0.88970
 0.40000   -0.46667    0.88870
 0.40000   -0.40000    0.89351
 0.40000   -0.33333    0.90412
 0.40000   -0.26667    0.91995
 0.40000   -0.20000    0.93990
 0.40000   -0.13333    0.96241
 0.40000   -0.06667    0.98540
 0.40000    0.00000    1.00621
 0.40000    0.06667    1.02138
 0.40000    0.13333    1.02707
 0.40000    0.20000    1.02056
 0.40000    0.26667    1.00250
 0.40000    0.33333    0.97780
 0.40000    0.40000    0.95370
 0.40000    0.46667    0.93622
 0.40000    0.53333    0.92799
 0.40000    0.60000    0.92852
 0.40000    0.66667    0.93584
 0.40000    0.73333    0.94772
 0.40000    0.80000    0.96213
 0.40000    0.86667    0.97712
 0.40000    0.93333    0.99053
 0.40000    1.00000    1.00000
 0.46667   -1.00000    1.00000
 0.46667   -0.93333    0.97151
 0.46667   -0.86667    0.95558
 0.46667   -0.80000    0.94068
 0.46667   -0.73333    0.92526
 0.46667   -0.66667    0.91005
 0.46667   -0.60000    0.89630
 0.46667   -0.53333    0.88531
 0.46667   -0.46667    0.87815
 0.46667   -0.40000    0.87547
 0.46667   -0.33333    0.87738
 0.46667   -0.26667    0.88335
 0.46667   -0.20000    0.89224
 0.46667   -0.13333    0.90239
 0.46667   -0.06667    0.91196
 0.46667    0.00000    0.91963
 0.46667    0.06667    0.92537
 0.46667    0.13333    0.93026
 0.46667    0.20000    0.93499
 0.46667    0.26667    0.93844
 0.46667    0.33333    0.93881
 0.46667    0.40000    0.93618
 0.46667    0.46667    0.93314
 0.46667    0.53333    0.93282
 0.46667    0.60000    0.93690
 0.46667    0.66667    0.94525
 0.46667    0.73333    0.95671
 0.46667    0.80000    0.96969
 0.46667    0.86667    0.98245
 0.46667    0.93333    0.99313
 0.46667    1.00000    1.00000
 0.53333   -1.00000    1.00000
 0.53333   -0.93333    0.97641
 0.53333   -0.86667    0.96303
 0.53333   -0.80000    0.94928
 0.53333   -0.73333    0.93401
 0.53333   -0.66667    0.91782
 0.53333   -0.60000    0.90174
 0.53333   -0.53333    0.88693
 0.53333   -0.46667    0.87437
 0.53333   -0.40000    0.86475
 0.53333   -0.33333    0.85824
 0.53333   -0.26667    0.85441
 0.53333   -0.20000    0.85219
 0.53333   -0.13333    0.85007
 0.53333   -0.06667    0.84669
 0.53333    0.00000    0.84224
 0.53333    0.06667    0.83983
 0.53333    0.13333    0.84476
 0.53333    0.20000    0.86027
 0.53333    0.26667    0.88331
 0.53333    0.33333    0.90605
 0.53333    0.40000    0.92235
 0.53333    0.46667    0.93195
 0.53333    0.53333    0.93848
 0.53333    0.60000    0.94552
 0.53333    0.66667    0.95453
 0.53333    0.73333    0.96527
 0.53333    0.80000    0.97659
 0.53333    0.86667    0.98706
 0.53333    0.93333    0.99523
 0.53333    1.00000    1.00000
 0.60000   -1.00000    1.00000
 0.60000   -0.93333    0.98194
 0.60000   -0.86667    0.97135
 0.60000   -0.80000    0.95941
 0.60000   -0.73333    0.94531
 0.60000   -0.66667    0.92944
 0.60000   -0.60000    0.91253
 0.60000   -0.53333    0.89549
 0.60000   -0.46667    0.87921
 0.60000   -0.40000    0.86436
 0.60000   -0.33333    0.85121
 0.60000   -0.26667    0.83953
 0.60000   -0.20000    0.82853
 0.60000   -0.13333    0.81711
 0.60000   -0.06667    0.80459
 0.60000    0.00000    0.79243
 0.60000    0.06667    0.78572
 0.60000    0.13333    0.79198
 0.60000    0.20000    0.81545
 0.60000    0.26667    0.85152
 0.60000    0.33333    0.88862
 0.60000    0.40000    0.91700
 0.60000    0.46667    0.93469
 0.60000    0.53333    0.94561
 0.60000    0.60000    0.95438
 0.60000    0.66667    0.96343
 0.60000    0.73333    0.97309
 0.60000    0.80000    0.98260
 0.60000    0.86667    0.99086
 0.60000    0.93333    0.99684
 0.60000    1.00000    1.00000
 0.66667   -1.00000    1.00000
 0.66667   -0.93333    0.98745
 0.66667   -0.86667    0.97969
 0.66667   -0.80000    0.97014
 0.66667   -0.73333    0.95819
 0.66667   -0.66667    0.94398
 0.66667   -0.60000    0.92793
 0.66667   -0.53333    0.91068
 0.66667   -0.46667    0.89294
 0.66667   -0.40000    0.87537
 0.66667   -0.33333    0.85839
 0.66667   -0.26667    0.84207
 0.66667   -0.20000    0.82610
 0.66667   -0.13333    0.81004
 0.66667   -0.06667    0.79398
 0.66667    0.00000    0.78010
 0.66667    0.06667    0.77382
 0.66667    0.13333    0.78240
 0.66667    0.20000    0.80938
 0.66667    0.26667    0.84933
 0.66667    0.33333    0.89018
 0.66667    0.40000    0.92177
 0.66667    0.46667    0.94185
 0.66667    0.53333    0.95414
 0.66667    0.60000    0.96323
 0.66667    0.66667    0.97166
 0.66667    0.73333    0.97995
 0.66667    0.80000    0.98760
 0.66667    0.86667    0.99382
 0.66667    0.93333    0.99801
 0.66667    1.00000    1.00000
 0.73333   -1.00000    1.00000
 0.73333   -0.93333    0.99233
 0.73333   -0.86667    0.98721
 0.73333   -0.80000    0.98034
 0.73333   -0.73333    0.97125
 0.73333   -0.66667    0.95984
 0.73333   -0.60000    0.94624
 0.73333   -0.53333    0.93079
 0.73333   -0.46667    0.91401
 0.73333   -0.40000    0.89648
 0.73333   -0.33333    0.87874
 0.73333   -0.26667    0.86122
 0.73333   -0.20000    0.84415
 0.73333   -0.13333    0.82780
 0.73333   -0.06667    0.81294
 0.73333    0.00000    0.80184
 0.73333    0.06667    0.79896
 0.73333    0.13333    0.80951
 0.73333    0.20000    0.83527
 0.73333    0.26667    0.87100
 0.73333    0.33333    0.90666
 0.73333    0.40000    0.93426
 0.73333    0.46667    0.95213
 0.73333    0.53333    0.96336
 0.73333    0.60000    0.97162
 0.73333    0.66667    0.97891
 0.73333    0.73333    0.98568
 0.73333    0.80000    0.99155
 0.73333    0.86667    0.99603
 0.73333    0.93333    0.99881
 0.73333    1.00000    1.00000
 0.80000   -1.00000    1.00000
 0.80000   -0.93333    0.99607
 0.80000   -0.86667    0.99316
 0.80000   -0.80000    0.98891
 0.80000   -0.73333    0.98295
 0.80000   -0.66667    0.97502
 0.80000   -0.60000    0.96502
 0.80000   -0.53333    0.95303
 0.80000   -0.46667    0.93932
 0.80000   -0.40000    0.92431
 0.80000   -0.33333    0.90857
 0.80000   -0.26667    0.89270
 0.80000   -0.20000    0.87736
 0.80000   -0.13333    0.86333
 0.80000   -0.06667    0.85176
 0.80000    0.00000    0.84465
 0.80000    0.06667    0.84495
 0.80000    0.13333    0.85549
 0.80000    0.20000    0.87640
 0.80000    0.26667    0.90339
 0.80000    0.33333    0.92956
 0.80000    0.40000    0.94981
 0.80000    0.46667    0.96332
 0.80000    0.53333    0.97228
 0.80000    0.60000    0.97908
 0.80000    0.66667    0.98499
 0.80000    0.73333    0.99023
 0.80000    0.80000    0.99452
 0.80000    0.86667    0.99758
 0.80000    0.93333    0.99933
 0.80000    1.00000    1.00000
 0.86667   -1.00000    1.00000
 0.86667   -0.93333    0.99847
 0.86667   -0.86667    0.99717
 0.86667   -0.80000    0.99509
 0.86667   -0.73333    0.99197
 0.86667   -0.66667    0.98753
 0.86667   -0.60000    0.98158
 0.86667   -0.53333    0.97400
 0.86667   -0.46667    0.96482
 0.86667   -0.40000    0.95424
 0.86667   -0.33333    0.94264
 0.86667   -0.26667    0.93056
 0.86667   -0.20000    0.91872
 0.86667   -0.13333    0.90803
 0.86667   -0.06667    0.89968
 0.86667    0.00000    0.89520
 0.86667    0.06667    0.89631
 0.86667    0.13333    0.90420
 0.86667    0.20000    0.91826
 0.86667    0.26667    0.93552
 0.86667    0.33333    0.95193
 0.86667    0.40000    0.96477
 0.86667    0.46667    0.97377
 0.86667    0.53333    0.98020
 0.86667    0.60000    0.98535
 0.86667    0.66667    0.98983
 0.86667    0.73333    0.99365
 0.86667    0.80000    0.99662
 0.86667    0.86667    0.99860
 0.86667    0.93333    0.99965
 0.86667    1.00000    1.00000
 0.93333   -1.00000    1.00000
 0.93333   -0.93333    0.99965
 0.93333   -0.86667    0.99929
 0.93333   -0.80000    0.99865
 0.93333   -0.73333    0.99760
 0.93333   -0.66667    0.99598
 0.93333   -0.60000    0.99363
 0.93333   -0.53333    0.99042
 0.93333   -0.46667    0.98626
 0.93333   -0.40000    0.98113
 0.93333   -0.33333    0.97515
 0.93333   -0.26667    0.96856
 0.93333   -0.20000    0.96175
 0.93333   -0.13333    0.95533
 0.93333   -0.06667    0.95006
 0.93333    0.00000    0.94689
 0.93333    0.06667    0.94675
 0.93333    0.13333    0.95015
 0.93333    0.20000    0.95667
 0.93333    0.26667    0.96481
 0.93333    0.33333    0.97267
 0.93333    0.40000    0.97905
 0.93333    0.46667    0.98383
 0.93333    0.53333    0.98759
 0.93333    0.60000    0.99083
 0.93333    0.66667    0.99374
 0.93333    0.73333    0.99620
 0.93333    0.80000    0.99806
 0.93333    0.86667    0.99925
 0.93333    0.93333    0.99983
 0.93333    1.00000    1.00000
 1.00000   -1.00000    1.00000
 1.00000   -0.93333    1.00000
 1.00000   -0.86667    1.00000
 1.00000   -0.80000    1.00000
 1.00000   -0.73333    1.00000
 1.00000   -0.66667    1.00000
 1.00000   -0.60000    1.00000
 1.00000   -0.53333    1.00000
 1.00000   -0.46667    1.00000
 1.00000   -0.40000    1.00000
 1.00000   -0.33333    1.00000
 1.00000   -0.26667    1.00000
 1.00000   -0.20000    1.00000
 1.00000   -0.13333    1.00000
 1.00000   -0.06667    1.00000
 1.00000    0.00000    1.00000
 1.00000    0.06667    1.00000
 1.00000    0.13333    1.00000
 1.00000    0.20000    1.00000
 1.00000    0.26667    1.00000
 1.00000    0.33333    1.00000
 1.00000    0.40000    1.00000
 1.00000    0.46667    1.00000
 1.00000    0.53333    1.00000
 1.00000    0.60000    1.00000
 1.00000    0.66667    1.00000
 1.00000    0.73333    1.00000
 1.00000    0.80000    1.00000
 1.00000    0.86667    1.00000
 1.00000    0.93333    1.00000
 1.00000    1.00000    1.00000
