Fwd-Diff-2D results
Number of interior x-grid pts: N = 29
Number of interior y-grid pts: M = 29
Number of time steps: L = 50
Final time of simulation: t = 0.50000
Approximate solution at time t: x_i, y_j, u_ij
-1.00000   -1.00000    1.00000
-1.00000   -0.93333    1.00000
-1.00000   -0.86667    1.00000
-1.00000   -0.80000    1.00000
-1.00000   -0.73333    1.00000
-1.00000   -0.66667    1.00000
-1.00000   -0.60000    1.00000
-1.00000   -0.53333    1.00000
-1.00000   -0.46667    1.00000
-1.00000   -0.40000    1.00000
-1.00000   -0.33333    1.00000
-1.00000   -0.26667    1.00000
-1.00000   -0.20000    1.00000
-1.00000   -0.13333    1.00000
-1.00000   -0.06667    1.00000
-1.00000    0.00000    1.00000
-1.00000    0.06667    1.00000
-1.00000    0.13333    1.00000
-1.00000    0.20000    1.00000
-1.00000    0.26667    1.00000
-1.00000    0.33333    1.00000
-1.00000    0.40000    1.00000
-1.00000    0.46667    1.00000
-1.00000    0.53333    1.00000
-1.00000    0.60000    1.00000
-1.00000    0.66667    1.00000
-1.00000    0.73333    1.00000
-1.00000    0.80000    1.00000
-1.00000    0.86667    1.00000
-1.00000    0.93333    1.00000
-1.00000    1.00000    1.00000
-0.93333   -1.00000    1.00000
-0.93333   -0.93333    1.00000
-0.93333   -0.86667    1.00000
-0.93333   -0.80000    1.00000
-0.93333   -0.73333    1.00000
-0.93333   -0.66667    1.00000
-0.93333   -0.60000    1.00000
-0.93333   -0.53333    1.00000
-0.93333   -0.46667    0.99999
-0.93333   -0.40000    0.99996
-0.93333   -0.33333    0.99987
-0.93333   -0.26667    0.99963
-0.93333   -0.20000    0.99912
-0.93333   -0.13333    0.99827
-0.93333   -0.06667    0.99717
-0.93333    0.00000    0.99610
-0.93333    0.06667    0.99542
-0.93333    0.13333    0.99535
-0.93333    0.20000    0.99586
-0.93333    0.26667    0.99671
-0.93333    0.33333    0.99765
-0.93333    0.40000    0.99848
-0.93333    0.46667    0.99910
-0.93333    0.53333    0.99951
-0.93333    0.60000    0.99976
-0.93333    0.66667    0.99989
-0.93333    0.73333    0.99995
-0.93333    0.80000    0.99998
-0.93333    0.86667    0.99999
-0.93333    0.93333    1.00000
-0.93333    1.00000    1.00000
-0.86667   -1.00000    1.00000
-0.86667   -0.93333    1.00000
-0.86667   -0.86667    1.00000
-0.86667   -0.80000    1.00000
-0.86667   -0.73333    1.00000
-0.86667   -0.66667    1.00000
-0.86667   -0.60000    1.00000
-0.86667   -0.53333    0.99999
-0.86667   -0.46667    0.99997
-0.86667   -0.40000    0.99989
-0.86667   -0.33333    0.99965
-0.86667   -0.26667    0.99899
-0.86667   -0.20000    0.99761
-0.86667   -0.13333    0.99529
-0.86667   -0.06667    0.99227
-0.86667    0.00000    0.98934
-0.86667    0.06667    0.98748
-0.86667    0.13333    0.98728
-0.86667    0.20000    0.98862
-0.86667    0.26667    0.99090
-0.86667    0.33333    0.99342
-0.86667    0.40000    0.99566
-0.86667    0.46667    0.99738
-0.86667    0.53333    0.99854
-0.86667    0.60000    0.99925
-0.86667    0.66667    0.99965
-0.86667    0.73333    0.99984
-0.86667    0.80000    0.99994
-0.86667    0.86667    0.99998
-0.86667    0.93333    0.99999
-0.86667    1.00000    1.00000
-0.80000   -1.00000    1.00000
-0.80000   -0.93333    1.00000
-0.80000   -0.86667    1.00000
-0.80000   -0.80000    1.00000
-0.80000   -0.73333    1.00000
-0.80000   -0.66667    1.00000
-0.80000   -0.60000    1.00000
-0.80000   -0.53333    0.99999
-0.80000   -0.46667    0.99994
-0.80000   -0.40000    0.99976
-0.80000   -0.33333    0.99919
-0.80000   -0.26667    0.99769
-0.80000   -0.20000    0.99453
-0.80000   -0.13333    0.98927
-0.80000   -0.06667    0.98253
-0.80000    0.00000    0.97619
-0.80000    0.06667    0.97245
-0.80000    0.13333    0.97244
-0.80000    0.20000    0.97571
-0.80000    0.26667    0.98080
-0.80000    0.33333    0.98621
-0.80000    0.40000    0.99092
-0.80000    0.46667    0.99449
-0.80000    0.53333    0.99691
-0.80000    0.60000    0.99839
-0.80000    0.66667    0.99923
-0.80000    0.73333    0.99965
-0.80000    0.80000    0.99986
-0.80000    0.86667    0.99994
-0.80000    0.93333    0.99998
-0.80000    1.00000    1.00000
-0.73333   -1.00000    1.00000
-0.73333   -0.93333    1.00000
-0.73333   -0.86667    1.00000
-0.73333   -0.80000    1.00000
-0.73333   -0.73333    1.00000
-0.73333   -0.66667    1.00000
-0.73333   -0.60000    0.99999
-0.73333   -0.53333    0.99997
-0.73333   -0.46667    0.99987
-0.73333   -0.40000    0.99951
-0.73333   -0.33333    0.99836
-0.73333   -0.26667    0.99534
-0.73333   -0.20000    0.98899
-0.73333   -0.13333    0.97851
-0.73333   -0.06667    0.96531
-0.73333    0.00000    0.95331
-0.73333    0.06667    0.94684
-0.73333    0.13333    0.94783
-0.73333    0.20000    0.95489
-0.73333    0.26667    0.96496
-0.73333    0.33333    0.97516
-0.73333    0.40000    0.98378
-0.73333    0.46667    0.99019
-0.73333    0.53333    0.99450
-0.73333    0.60000    0.99713
-0.73333    0.66667    0.99861
-0.73333    0.73333    0.99937
-0.73333    0.80000    0.99973
-0.73333    0.86667    0.99990
-0.73333    0.93333    0.99996
-0.73333    1.00000    1.00000
-0.66667   -1.00000    1.00000
-0.66667   -0.93333    1.00000
-0.66667   -0.86667    1.00000
-0.66667   -0.80000    1.00000
-0.66667   -0.73333    1.00000
-0.66667   -0.66667    1.00000
-0.66667   -0.60000    0.99999
-0.66667   -0.53333    0.99995
-0.66667   -0.46667    0.99978
-0.66667   -0.40000    0.99914
-0.66667   -0.33333    0.99712
-0.66667   -0.26667    0.99185
-0.66667   -0.20000    0.98083
-0.66667   -0.13333    0.96277
-0.66667   -0.06667    0.94034
-0.66667    0.00000    0.92052
-0.66667    0.06667    0.91073
-0.66667    0.13333    0.91378
-0.66667    0.20000    0.92672
-0.66667    0.26667    0.94398
-0.66667    0.33333    0.96081
-0.66667    0.40000    0.97464
-0.66667    0.46667    0.98475
-0.66667    0.53333    0.99145
-0.66667    0.60000    0.99554
-0.66667    0.66667    0.99783
-0.66667    0.73333    0.99901
-0.66667    0.80000    0.99958
-0.66667    0.86667    0.99983
-0.66667    0.93333    0.99994
-0.66667    1.00000    1.00000
-0.60000   -1.00000    1.00000
-0.60000   -0.93333    1.00000
-0.60000   -0.86667    1.00000
-0.60000   -0.80000    1.00000
-0.60000   -0.73333    1.00000
-0.60000   -0.66667    1.00000
-0.60000   -0.60000    0.99998
-0.60000   -0.53333    0.99992
-0.60000   -0.46667    0.99966
-0.60000   -0.40000    0.99870
-0.60000   -0.33333    0.99569
-0.60000   -0.26667    0.98789
-0.60000   -0.20000    0.97167
-0.60000   -0.13333    0.94525
-0.60000   -0.06667    0.91276
-0.60000    0.00000    0.88462
-0.60000    0.06667    0.87159
-0.60000    0.13333    0.87731
-0.60000    0.20000    0.89694
-0.60000    0.26667    0.92207
-0.60000    0.33333    0.94597
-0.60000    0.40000    0.96526
-0.60000    0.46667    0.97918
-0.60000    0.53333    0.98835
-0.60000    0.60000    0.99391
-0.60000    0.66667    0.99703
-0.60000    0.73333    0.99865
-0.60000    0.80000    0.99942
-0.60000    0.86667    0.99977
-0.60000    0.93333    0.99992
-0.60000    1.00000    1.00000
-0.53333   -1.00000    1.00000
-0.53333   -0.93333    1.00000
-0.53333   -0.86667    1.00000
-0.53333   -0.80000    1.00000
-0.53333   -0.73333    1.00000
-0.53333   -0.66667    1.00000
-0.53333   -0.60000    0.99998
-0.53333   -0.53333    0.99989
-0.53333   -0.46667    0.99956
-0.53333   -0.40000    0.99834
-0.53333   -0.33333    0.99458
-0.53333   -0.26667    0.98492
-0.53333   -0.20000    0.96494
-0.53333   -0.13333    0.93259
-0.53333   -0.06667    0.89301
-0.53333    0.00000    0.85902
-0.53333    0.06667    0.84371
-0.53333    0.13333    0.85130
-0.53333    0.20000    0.87562
-0.53333    0.26667    0.90630
-0.53333    0.33333    0.93521
-0.53333    0.40000    0.95839
-0.53333    0.46667    0.97506
-0.53333    0.53333    0.98603
-0.53333    0.60000    0.99269
-0.53333    0.66667    0.99642
-0.53333    0.73333    0.99837
-0.53333    0.80000    0.99930
-0.53333    0.86667    0.99972
-0.53333    0.93333    0.99990
-0.53333    1.00000    1.00000
-0.46667   -1.00000    1.00000
-0.46667   -0.93333    1.00000
-0.46667   -0.86667    1.00000
-0.46667   -0.80000    1.00000
-0.46667   -0.73333    1.00000
-0.46667   -0.66667    0.99999
-0.46667   -0.60000    0.99997
-0.46667   -0.53333    0.99988
-0.46667   -0.46667    0.99951
-0.46667   -0.40000    0.99822
-0.46667   -0.33333    0.99429
-0.46667   -0.26667    0.98433
-0.46667   -0.20000    0.96390
-0.46667   -0.13333    0.93093
-0.46667   -0.06667    0.89059
-0.46667    0.00000    0.85581
-0.46667    0.06667    0.83986
-0.46667    0.13333    0.84717
-0.46667    0.20000    0.87164
-0.46667    0.26667    0.90286
-0.46667    0.33333    0.93251
-0.46667    0.40000    0.95645
-0.46667    0.46667    0.97378
-0.46667    0.53333    0.98525
-0.46667    0.60000    0.99225
-0.46667    0.66667    0.99620
-0.46667    0.73333    0.99826
-0.46667    0.80000    0.99925
-0.46667    0.86667    0.99970
-0.46667    0.93333    0.99989
-0.46667    1.00000    1.00000
-0.40000   -1.00000    1.00000
-0.40000   -0.93333    1.00000
-0.40000   -0.86667    1.00000
-0.40000   -0.80000    1.00000
-0.40000   -0.73333    1.00000
-0.40000   -0.66667    0.99999
-0.40000   -0.60000    0.99997
-0.40000   -0.53333    0.99988
-0.40000   -0.46667    0.99955
-0.40000   -0.40000    0.99839
-0.40000   -0.33333    0.99497
-0.40000   -0.26667    0.98641
-0.40000   -0.20000    0.96902
-0.40000   -0.13333    0.94101
-0.40000   -0.06667    0.90656
-0.40000    0.00000    0.87633
-0.40000    0.06667    0.86157
-0.40000    0.13333    0.86646
-0.40000    0.20000    0.88644
-0.40000    0.26667    0.91294
-0.40000    0.33333    0.93876
-0.40000    0.40000    0.96007
-0.40000    0.46667    0.97575
-0.40000    0.53333    0.98626
-0.40000    0.60000    0.99275
-0.40000    0.66667    0.99643
-0.40000    0.73333    0.99836
-0.40000    0.80000    0.99930
-0.40000    0.86667    0.99972
-0.40000    0.93333    0.99990
-0.40000    1.00000    1.00000
-0.33333   -1.00000    1.00000
-0.33333   -0.93333    1.00000
-0.33333   -0.86667    1.00000
-0.33333   -0.80000    1.00000
-0.33333   -0.73333    1.00000
-0.33333   -0.66667    0.99999
-0.33333   -0.60000    0.99998
-0.33333   -0.53333    0.99991
-0.33333   -0.46667    0.99965
-0.33333   -0.40000    0.99878
-0.33333   -0.33333    0.99627
-0.33333   -0.26667    0.99011
-0.33333   -0.20000    0.97770
-0.33333   -0.13333    0.95771
-0.33333   -0.06667    0.93284
-0.33333    0.00000    0.91036
-0.33333    0.06667    0.89828
-0.33333    0.13333    0.90013
-0.33333    0.20000    0.91335
-0.33333    0.26667    0.93222
-0.33333    0.33333    0.95143
-0.33333    0.40000    0.96783
-0.33333    0.46667    0.98021
-0.33333    0.53333    0.98868
-0.33333    0.60000    0.99398
-0.33333    0.66667    0.99702
-0.33333    0.73333    0.99862
-0.33333    0.80000    0.99941
-0.33333    0.86667    0.99976
-0.33333    0.93333    0.99992
-0.33333    1.00000    1.00000
-0.26667   -1.00000    1.00000
-0.26667   -0.93333    1.00000
-0.26667   -0.86667    1.00000
-0.26667   -0.80000    1.00000
-0.26667   -0.73333    1.00000
-0.26667   -0.66667    1.00000
-0.26667   -0.60000    0.99999
-0.26667   -0.53333    0.99994
-0.26667   -0.46667    0.99978
-0.26667   -0.40000    0.99924
-0.26667   -0.33333    0.99770
-0.26667   -0.26667    0.99399
-0.26667   -0.20000    0.98654
-0.26667   -0.13333    0.97450
-0.26667   -0.06667    0.95927
-0.26667    0.00000    0.94496
-0.26667    0.06667    0.93641
-0.26667    0.13333    0.93614
-0.26667    0.20000    0.94320
-0.26667    0.26667    0.95442
-0.26667    0.33333    0.96656
-0.26667    0.40000    0.97738
-0.26667    0.46667    0.98584
-0.26667    0.53333    0.99179
-0.26667    0.60000    0.99558
-0.26667    0.66667    0.99780
-0.26667    0.73333    0.99898
-0.26667    0.80000    0.99956
-0.26667    0.86667    0.99982
-0.26667    0.93333    0.99994
-0.26667    1.00000    1.00000
-0.20000   -1.00000    1.00000
-0.20000   -0.93333    1.00000
-0.20000   -0.86667    1.00000
-0.20000   -0.80000    1.00000
-0.20000   -0.73333    1.00000
-0.20000   -0.66667    1.00000
-0.20000   -0.60000    1.00000
-0.20000   -0.53333    0.99998
-0.20000   -0.46667    0.99991
-0.20000   -0.40000    0.99967
-0.20000   -0.33333    0.99896
-0.20000   -0.26667    0.99720
-0.20000   -0.20000    0.99364
-0.20000   -0.13333    0.98783
-0.20000   -0.06667    0.98033
-0.20000    0.00000    0.97305
-0.20000    0.06667    0.96834
-0.20000    0.13333    0.96755
-0.20000    0.20000    0.97039
-0.20000    0.26667    0.97552
-0.20000    0.33333    0.98141
-0.20000    0.40000    0.98696
-0.20000    0.46667    0.99156
-0.20000    0.53333    0.99495
-0.20000    0.60000    0.99722
-0.20000    0.66667    0.99859
-0.20000    0.73333    0.99934
-0.20000    0.80000    0.99971
-0.20000    0.86667    0.99988
-0.20000    0.93333    0.99996
-0.20000    1.00000    1.00000
-0.13333   -1.00000    1.00000
-0.13333   -0.93333    1.00000
-0.13333   -0.86667    1.00000
-0.13333   -0.80000    1.00000
-0.13333   -0.73333    1.00000
-0.13333   -0.66667    1.00000
-0.13333   -0.60000    1.00001
-0.13333   -0.53333    1.00003
-0.13333   -0.46667    1.00005
-0.13333   -0.40000    1.00007
-0.13333   -0.33333    1.00002
-0.13333   -0.26667    0.99974
-0.13333   -0.20000    0.99903
-0.13333   -0.13333    0.99779
-0.13333   -0.06667    0.99624
-0.13333    0.00000    0.99496
-0.13333    0.06667    0.99447
-0.13333    0.13333    0.99473
-0.13333    0.20000    0.99525
-0.13333    0.26667    0.99561
-0.13333    0.33333    0.99588
-0.13333    0.40000    0.99633
-0.13333    0.46667    0.99707
-0.13333    0.53333    0.99794
-0.13333    0.60000    0.99873
-0.13333    0.66667    0.99930
-0.13333    0.73333    0.99965
-0.13333    0.80000    0.99984
-0.13333    0.86667    0.99993
-0.13333    0.93333    0.99998
-0.13333    1.00000    1.00000
-0.06667   -1.00000    1.00000
-0.06667   -0.93333    1.00000
-0.06667   -0.86667    1.00000
-0.06667   -0.80000    1.00000
-0.06667   -0.73333    1.00000
-0.06667   -0.66667    1.00001
-0.06667   -0.60000    1.00003
-0.06667   -0.53333    1.00008
-0.06667   -0.46667    1.00020
-0.06667   -0.40000    1.00048
-0.06667   -0.33333    1.00102
-0.06667   -0.26667    1.00200
-0.06667   -0.20000    1.00367
-0.06667   -0.13333    1.00633
-0.06667   -0.06667    1.01019
-0.06667    0.00000    1.01508
-0.06667    0.06667    1.01998
-0.06667    0.13333    1.02299
-0.06667    0.20000    1.02244
-0.06667    0.26667    1.01826
-0.06667    0.33333    1.01224
-0.06667    0.40000    1.00669
-0.06667    0.46667    1.00291
-0.06667    0.53333    1.00093
-0.06667    0.60000    1.00015
-0.06667    0.66667    0.99993
-0.06667    0.73333    0.99992
-0.06667    0.80000    0.99995
-0.06667    0.86667    0.99997
-0.06667    0.93333    0.99999
-0.06667    1.00000    1.00000
 0.00000   -1.00000    1.00000
 0.00000   -0.93333    1.00000
 0.00000   -0.86667    1.00000
 0.00000   -0.80000    1.00000
 0.00000   -0.73333    1.00000
 0.00000   -0.66667    1.00001
 0.00000   -0.60000    1.00005
 0.00000   -0.53333    1.00014
 0.00000   -0.46667    1.00037
 0.00000   -0.40000    1.00091
 0.00000   -0.33333    1.00206
 0.00000   -0.26667    1.00433
 0.00000   -0.20000    1.00842
 0.00000   -0.13333    1.01516
 0.00000   -0.06667    1.02508
 0.00000    0.00000    1.03759
 0.00000    0.06667    1.05000
 0.00000    0.13333    1.05778
 0.00000    0.20000    1.05700
 0.00000    0.26667    1.04743
 0.00000    0.33333    1.03317
 0.00000    0.40000    1.01956
 0.00000    0.46667    1.00981
 0.00000    0.53333    1.00424
 0.00000    0.60000    1.00160
 0.00000    0.66667    1.00053
 0.00000    0.73333    1.00015
 0.00000    0.80000    1.00004
 0.00000    0.86667    1.00001
 0.00000    0.93333    1.00000
 0.00000    1.00000    1.00000
 0.06667   -1.00000    1.00000
 0.06667   -0.93333    1.00000
 0.06667   -0.86667    1.00000
 0.06667   -0.80000    1.00000
 0.06667   -0.73333    1.00000
 0.06667   -0.66667    1.00002
 0.06667   -0.60000    1.00006
 0.06667   -0.53333    1.00018
 0.06667   -0.46667    1.00051
 0.06667   -0.40000    1.00131
 0.06667   -0.33333    1.00308
 0.06667   -0.26667    1.00664
 0.06667   -0.20000    1.01327
 0.06667   -0.13333    1.02444
 0.06667   -0.06667    1.04125
 0.06667    0.00000    1.06285
 0.06667    0.06667    1.08477
 0.06667    0.13333    1.09910
 0.06667    0.20000    1.09870
 0.06667    0.26667    1.08284
 0.06667    0.33333    1.05842
 0.06667    0.40000    1.03478
 0.06667    0.46667    1.01771
 0.06667    0.53333    1.00785
 0.06667    0.60000    1.00309
 0.06667    0.66667    1.00110
 0.06667    0.73333    1.00036
 0.06667    0.80000    1.00011
 0.06667    0.86667    1.00003
 0.06667    0.93333    1.00001
 0.06667    1.00000    1.00000
 0.13333   -1.00000    1.00000
 0.13333   -0.93333    1.00000
 0.13333   -0.86667    1.00000
 0.13333   -0.80000    1.00000
 0.13333   -0.73333    1.00000
 0.13333   -0.66667    1.00001
 0.13333   -0.60000    1.00005
 0.13333   -0.53333    1.00017
 0.13333   -0.46667    1.00055
 0.13333   -0.40000    1.00150
 0.13333   -0.33333    1.00370
 0.13333   -0.26667    1.00830
 0.13333   -0.20000    1.01707
 0.13333   -0.13333    1.03216
 0.13333   -0.06667    1.05528
 0.13333    0.00000    1.08547
 0.13333    0.06667    1.11660
 0.13333    0.13333    1.13753
 0.13333    0.20000    1.13789
 0.13333    0.26667    1.11626
 0.13333    0.33333    1.08222
 0.13333    0.40000    1.04903
 0.13333    0.46667    1.02498
 0.13333    0.53333    1.01109
 0.13333    0.60000    1.00438
 0.13333    0.66667    1.00158
 0.13333    0.73333    1.00052
 0.13333    0.80000    1.00016
 0.13333    0.86667    1.00005
 0.13333    0.93333    1.00001
 0.13333    1.00000    1.00000
 0.20000   -1.00000    1.00000
 0.20000   -0.93333    1.00000
 0.20000   -0.86667    1.00000
 0.20000   -0.80000    0.99999
 0.20000   -0.73333    0.99999
 0.20000   -0.66667    0.99998
 0.20000   -0.60000    0.99998
 0.20000   -0.53333    1.00005
 0.20000   -0.46667    1.00033
 0.20000   -0.40000    1.00118
 0.20000   -0.33333    1.00336
 0.20000   -0.26667    1.00820
 0.20000   -0.20000    1.01777
 0.20000   -0.13333    1.03470
 0.20000   -0.06667    1.06105
 0.20000    0.00000    1.09587
 0.20000    0.06667    1.13217
 0.20000    0.13333    1.15703
 0.20000    0.20000    1.15828
 0.20000    0.26667    1.13401
 0.20000    0.33333    1.09508
 0.20000    0.40000    1.05684
 0.20000    0.46667    1.02901
 0.20000    0.53333    1.01289
 0.20000    0.60000    1.00510
 0.20000    0.66667    1.00184
 0.20000    0.73333    1.00061
 0.20000    0.80000    1.00019
 0.20000    0.86667    1.00006
 0.20000    0.93333    1.00001
 0.20000    1.00000    1.00000
 0.26667   -1.00000    1.00000
 0.26667   -0.93333    1.00000
 0.26667   -0.86667    0.99999
 0.26667   -0.80000    0.99998
 0.26667   -0.73333    0.99996
 0.26667   -0.66667    0.99991
 0.26667   -0.60000    0.99983
 0.26667   -0.53333    0.99973
 0.26667   -0.46667    0.99971
 0.26667   -0.40000    1.00005
 0.26667   -0.33333    1.00144
 0.26667   -0.26667    1.00517
 0.26667   -0.20000    1.01331
 0.26667   -0.13333    1.02851
 0.26667   -0.06667    1.05289
 0.26667    0.00000    1.08565
 0.26667    0.06667    1.12029
 0.26667    0.13333    1.14466
 0.26667    0.20000    1.14715
 0.26667    0.26667    1.12561
 0.26667    0.33333    1.08985
 0.26667    0.40000    1.05418
 0.26667    0.46667    1.02790
 0.26667    0.53333    1.01251
 0.26667    0.60000    1.00499
 0.26667    0.66667    1.00181
 0.26667    0.73333    1.00061
 0.26667    0.80000    1.00019
 0.26667    0.86667    1.00005
 0.26667    0.93333    1.00001
 0.26667    1.00000    1.00000
 0.33333   -1.00000    1.00000
 0.33333   -0.93333    1.00000
 0.33333   -0.86667    0.99999
 0.33333   -0.80000    0.99997
 0.33333   -0.73333    0.99992
 0.33333   -0.66667    0.99981
 0.33333   -0.60000    0.99958
 0.33333   -0.53333    0.99919
 0.33333   -0.46667    0.99859
 0.33333   -0.40000    0.99791
 0.33333   -0.33333    0.99758
 0.33333   -0.26667    0.99859
 0.33333   -0.20000    1.00267
 0.33333   -0.13333    1.01210
 0.33333   -0.06667    1.02881
 0.33333    0.00000    1.05257
 0.33333    0.06667    1.07884
 0.33333    0.13333    1.09878
 0.33333    0.20000    1.10355
 0.33333    0.26667    1.09073
 0.33333    0.33333    1.06657
 0.33333    0.40000    1.04120
 0.33333    0.46667    1.02179
 0.33333    0.53333    1.01002
 0.33333    0.60000    1.00409
 0.33333    0.66667    1.00151
 0.33333    0.73333    1.00051
 0.33333    0.80000    1.00016
 0.33333    0.86667    1.00005
 0.33333    0.93333    1.00001
 0.33333    1.00000    1.00000
 0.40000   -1.00000    1.00000
 0.40000   -0.93333    0.99999
 0.40000   -0.86667    0.99998
 0.40000   -0.80000    0.99995
 0.40000   -0.73333    0.99986
 0.40000   -0.66667    0.99966
 0.40000   -0.60000    0.99924
 0.40000   -0.53333    0.99843
 0.40000   -0.46667    0.99703
 0.40000   -0.40000    0.99487
 0.40000   -0.33333    0.99199
 0.40000   -0.26667    0.98888
 0.40000   -0.20000    0.98666
 0.40000   -0.13333    0.98702
 0.40000   -0.06667    0.99172
 0.40000    0.00000    1.00155
 0.40000    0.06667    1.01518
 0.40000    0.13333    1.02876
 0.40000    0.20000    1.03739
 0.40000    0.26667    1.03800
 0.40000    0.33333    1.03145
 0.40000    0.40000    1.02163
 0.40000    0.46667    1.01256
 0.40000    0.53333    1.00626
 0.40000    0.60000    1.00273
 0.40000    0.66667    1.00106
 0.40000    0.73333    1.00037
 0.40000    0.80000    1.00012
 0.40000    0.86667    1.00003
 0.40000    0.93333    1.00001
 0.40000    1.00000    1.00000
 0.46667   -1.00000    1.00000
 0.46667   -0.93333    0.99999
 0.46667   -0.86667    0.99997
 0.46667   -0.80000    0.99992
 0.46667   -0.73333    0.99980
 0.46667   -0.66667    0.99950
 0.46667   -0.60000    0.99886
 0.46667   -0.53333    0.99759
 0.46667   -0.46667    0.99526
 0.46667   -0.40000    0.99140
 0.46667   -0.33333    0.98557
 0.46667   -0.26667    0.97766
 0.46667   -0.20000    0.96808
 0.46667   -0.13333    0.95791
 0.46667   -0.06667    0.94885
 0.46667    0.00000    0.94306
 0.46667    0.06667    0.94294
 0.46667    0.13333    0.95017
 0.46667    0.20000    0.96392
 0.46667    0.26667    0.98004
 0.46667    0.33333    0.99321
 0.46667    0.40000    1.00052
 0.46667    0.46667    1.00270
 0.46667    0.53333    1.00228
 0.46667    0.60000    1.00130
 0.46667    0.66667    1.00058
 0.46667    0.73333    1.00022
 0.46667    0.80000    1.00007
 0.46667    0.86667    1.00002
 0.46667    0.93333    1.00001
 0.46667    1.00000    1.00000
 0.53333   -1.00000    1.00000
 0.53333   -0.93333    0.99999
 0.53333   -0.86667    0.99997
 0.53333   -0.80000    0.99990
 0.53333   -0.73333    0.99974
 0.53333   -0.66667    0.99936
 0.53333   -0.60000    0.99853
 0.53333   -0.53333    0.99684
 0.53333   -0.46667    0.99370
 0.53333   -0.40000    0.98831
 0.53333   -0.33333    0.97982
 0.53333   -0.26667    0.96756
 0.53333   -0.20000    0.95132
 0.53333   -0.13333    0.93170
 0.53333   -0.06667    0.91045
 0.53333    0.00000    0.89113
 0.53333    0.06667    0.87948
 0.53333    0.13333    0.88188
 0.53333    0.20000    0.90072
 0.53333    0.26667    0.93066
 0.53333    0.33333    0.96094
 0.53333    0.40000    0.98287
 0.53333    0.46667    0.99454
 0.53333    0.53333    0.99902
 0.53333    0.60000    1.00013
 0.53333    0.66667    1.00020
 0.53333    0.73333    1.00010
 0.53333    0.80000    1.00004
 0.53333    0.86667    1.00001
 0.53333    0.93333    1.00000
 0.53333    1.00000    1.00000
 0.60000   -1.00000    1.00000
 0.60000   -0.93333    0.99999
 0.60000   -0.86667    0.99996
 0.60000   -0.80000    0.99989
 0.60000   -0.73333    0.99971
 0.60000   -0.66667    0.99928
 0.60000   -0.60000    0.99834
 0.60000   -0.53333    0.99641
 0.60000   -0.46667    0.99278
 0.60000   -0.40000    0.98646
 0.60000   -0.33333    0.97632
 0.60000   -0.26667    0.96133
 0.60000   -0.20000    0.94093
 0.60000   -0.13333    0.91548
 0.60000   -0.06667    0.88691
 0.60000    0.00000    0.85974
 0.60000    0.06667    0.84177
 0.60000    0.13333    0.84191
 0.60000    0.20000    0.86417
 0.60000    0.26667    0.90229
 0.60000    0.33333    0.94242
 0.60000    0.40000    0.97271
 0.60000    0.46667    0.98979
 0.60000    0.53333    0.99709
 0.60000    0.60000    0.99943
 0.60000    0.66667    0.99996
 0.60000    0.73333    1.00003
 0.60000    0.80000    1.00002
 0.60000    0.86667    1.00001
 0.60000    0.93333    1.00000
 0.60000    1.00000    1.00000
 0.66667   -1.00000    1.00000
 0.66667   -0.93333    0.99999
 0.66667   -0.86667    0.99996
 0.66667   -0.80000    0.99989
 0.66667   -0.73333    0.99972
 0.66667   -0.66667    0.99929
 0.66667   -0.60000    0.99836
 0.66667   -0.53333    0.99644
 0.66667   -0.46667    0.99279
 0.66667   -0.40000    0.98640
 0.66667   -0.33333    0.97606
 0.66667   -0.26667    0.96068
 0.66667   -0.20000    0.93965
 0.66667   -0.13333    0.91336
 0.66667   -0.06667    0.88395
 0.66667    0.00000    0.85626
 0.66667    0.06667    0.83827
 0.66667    0.13333    0.83882
 0.66667    0.20000    0.86160
 0.66667    0.26667    0.90015
 0.66667    0.33333    0.94067
 0.66667    0.40000    0.97139
 0.66667    0.46667    0.98893
 0.66667    0.53333    0.99660
 0.66667    0.60000    0.99919
 0.66667    0.66667    0.99986
 0.66667    0.73333    0.99999
 0.66667    0.80000    1.00000
 0.66667    0.86667    1.00000
 0.66667    0.93333    1.00000
 0.66667    1.00000    1.00000
 0.73333   -1.00000    1.00000
 0.73333   -0.93333    0.99999
 0.73333   -0.86667    0.99997
 0.73333   -0.80000    0.99991
 0.73333   -0.73333    0.99976
 0.73333   -0.66667    0.99940
 0.73333   -0.60000    0.99859
 0.73333   -0.53333    0.99692
 0.73333   -0.46667    0.99372
 0.73333   -0.40000    0.98810
 0.73333   -0.33333    0.97899
 0.73333   -0.26667    0.96544
 0.73333   -0.20000    0.94701
 0.73333   -0.13333    0.92428
 0.73333   -0.06667    0.89945
 0.73333    0.00000    0.87697
 0.73333    0.06667    0.86349
 0.73333    0.13333    0.86578
 0.73333    0.20000    0.88602
 0.73333    0.26667    0.91841
 0.73333    0.33333    0.95170
 0.73333    0.40000    0.97668
 0.73333    0.46667    0.99090
 0.73333    0.53333    0.99715
 0.73333    0.60000    0.99929
 0.73333    0.66667    0.99986
 0.73333    0.73333    0.99998
 0.73333    0.80000    1.00000
 0.73333    0.86667    1.00000
 0.73333    0.93333    1.00000
 0.73333    1.00000    1.00000
 0.80000   -1.00000    1.00000
 0.80000   -0.93333    0.99999
 0.80000   -0.86667    0.99998
 0.80000   -0.80000    0.99994
 0.80000   -0.73333    0.99983
 0.80000   -0.66667    0.99956
 0.80000   -0.60000    0.99896
 0.80000   -0.53333    0.99772
 0.80000   -0.46667    0.99531
 0.80000   -0.40000    0.99104
 0.80000   -0.33333    0.98409
 0.80000   -0.26667    0.97378
 0.80000   -0.20000    0.95987
 0.80000   -0.13333    0.94305
 0.80000   -0.06667    0.92530
 0.80000    0.00000    0.91014
 0.80000    0.06667    0.90225
 0.80000    0.13333    0.90578
 0.80000    0.20000    0.92139
 0.80000    0.26667    0.94450
 0.80000    0.33333    0.96747
 0.80000    0.40000    0.98439
 0.80000    0.46667    0.99391
 0.80000    0.53333    0.99808
 0.80000    0.60000    0.99951
 0.80000    0.66667    0.99990
 0.80000    0.73333    0.99998
 0.80000    0.80000    1.00000
 0.80000    0.86667    1.00000
 0.80000    0.93333    1.00000
 0.80000    1.00000    1.00000
 0.86667   -1.00000    1.00000
 0.86667   -0.93333    1.00000
 0.86667   -0.86667    0.99999
 0.86667   -0.80000    0.99997
 0.86667   -0.73333    0.99990
 0.86667   -0.66667    0.99975
 0.86667   -0.60000    0.99939
 0.86667   -0.53333    0.99863
 0.86667   -0.46667    0.99714
 0.86667   -0.40000    0.99445
 0.86667   -0.33333    0.99003
 0.86667   -0.26667    0.98341
 0.86667   -0.20000    0.97450
 0.86667   -0.13333    0.96385
 0.86667   -0.06667    0.95294
 0.86667    0.00000    0.94414
 0.86667    0.06667    0.94031
 0.86667    0.13333    0.94358
 0.86667    0.20000    0.95379
 0.86667    0.26667    0.96789
 0.86667    0.33333    0.98141
 0.86667    0.40000    0.99115
 0.86667    0.46667    0.99657
 0.86667    0.53333    0.99892
 0.86667    0.60000    0.99972
 0.86667    0.66667    0.99994
 0.86667    0.73333    0.99999
 0.86667    0.80000    1.00000
 0.86667    0.86667    1.00000
 0.86667    0.93333    1.00000
 0.86667    1.00000    1.00000
 0.93333   -1.00000    1.00000
 0.93333   -0.93333    1.00000
 0.93333   -0.86667    1.00000
 0.93333   -0.80000    0.99999
 0.93333   -0.73333    0.99997
 0.93333   -0.66667    0.99991
 0.93333   -0.60000    0.99977
 0.93333   -0.53333    0.99946
 0.93333   -0.46667    0.99883
 0.93333   -0.40000    0.99765
 0.93333   -0.33333    0.99565
 0.93333   -0.26667    0.99257
 0.93333   -0.20000    0.98833
 0.93333   -0.13333    0.98319
 0.93333   -0.06667    0.97788
 0.93333    0.00000    0.97361
 0.93333    0.06667    0.97181
 0.93333    0.13333    0.97344
 0.93333    0.20000    0.97835
 0.93333    0.26667    0.98502
 0.93333    0.33333    0.99135
 0.93333    0.40000    0.99588
 0.93333    0.46667    0.99840
 0.93333    0.53333    0.99950
 0.93333    0.60000    0.99987
 0.93333    0.66667    0.99997
 0.93333    0.73333    1.00000
 0.93333    0.80000    1.00000
 0.93333    0.86667    1.00000
 0.93333    0.93333    1.00000
 0.93333    1.00000    1.00000
 1.00000   -1.00000    1.00000
 1.00000   -0.93333    1.00000
 1.00000   -0.86667    1.00000
 1.00000   -0.80000    1.00000
 1.00000   -0.73333    1.00000
 1.00000   -0.66667    1.00000
 1.00000   -0.60000    1.00000
 1.00000   -0.53333    1.00000
 1.00000   -0.46667    1.00000
 1.00000   -0.40000    1.00000
 1.00000   -0.33333    1.00000
 1.00000   -0.26667    1.00000
 1.00000   -0.20000    1.00000
 1.00000   -0.13333    1.00000
 1.00000   -0.06667    1.00000
 1.00000    0.00000    1.00000
 1.00000    0.06667    1.00000
 1.00000    0.13333    1.00000
 1.00000    0.20000    1.00000
 1.00000    0.26667    1.00000
 1.00000    0.33333    1.00000
 1.00000    0.40000    1.00000
 1.00000    0.46667    1.00000
 1.00000    0.53333    1.00000
 1.00000    0.60000    1.00000
 1.00000    0.66667    1.00000
 1.00000    0.73333    1.00000
 1.00000    0.80000    1.00000
 1.00000    0.86667    1.00000
 1.00000    0.93333    1.00000
 1.00000    1.00000    1.00000
